{
  "stats": {
    "suites": 12,
    "tests": 41,
    "passes": 22,
    "pending": 0,
    "failures": 19,
    "start": "2022-02-16T18:24:59.545Z",
    "end": "2022-02-16T18:26:29.273Z",
    "duration": 89728,
    "testsRegistered": 41,
    "passPercent": 53.65853658536586,
    "pendingPercent": 0,
    "other": 0,
    "hasOther": false,
    "skipped": 0,
    "hasSkipped": false
  },
  "results": [
    {
      "uuid": "b38e2dcf-7198-4f80-a1b6-2154432e0580",
      "title": "",
      "fullFile": "cypress/integration/project.spec.js",
      "file": "cypress/integration/project.spec.js",
      "beforeHooks": [],
      "afterHooks": [],
      "tests": [],
      "suites": [
        {
          "uuid": "09603d86-9f0e-42ab-aed9-933a254d4a98",
          "title": "1 - Adicione à página o título \"Paleta de Cores\".",
          "fullFile": "",
          "file": "",
          "beforeHooks": [],
          "afterHooks": [],
          "tests": [
            {
              "title": "Verifica se contém um elemento `h1` com o id `title` com o título correto",
              "fullTitle": "1 - Adicione à página o título \"Paleta de Cores\". Verifica se contém um elemento `h1` com o id `title` com o título correto",
              "timedOut": null,
              "duration": 132,
              "state": "passed",
              "speed": "slow",
              "pass": true,
              "fail": false,
              "pending": false,
              "context": null,
              "code": "cy.get('h1#title').should('contain.text', 'Paleta de Cores');",
              "err": {},
              "uuid": "8d317a27-c672-4df4-9a15-98a636ac022a",
              "parentUUID": "09603d86-9f0e-42ab-aed9-933a254d4a98",
              "isHook": false,
              "skipped": false
            }
          ],
          "suites": [],
          "passes": [
            "8d317a27-c672-4df4-9a15-98a636ac022a"
          ],
          "failures": [],
          "pending": [],
          "skipped": [],
          "duration": 132,
          "root": false,
          "rootEmpty": false,
          "_timeout": 2000
        },
        {
          "uuid": "3256616a-7923-425f-b24d-5ce318cf7d2b",
          "title": "2 - Adicione à página uma paleta de quatro cores distintas.",
          "fullFile": "",
          "file": "",
          "beforeHooks": [],
          "afterHooks": [],
          "tests": [
            {
              "title": "A paleta de cores deve ser um elemento com `id` denominado `color-palette` e ter mais de 0px de altura e de largura.",
              "fullTitle": "2 - Adicione à página uma paleta de quatro cores distintas. A paleta de cores deve ser um elemento com `id` denominado `color-palette` e ter mais de 0px de altura e de largura.",
              "timedOut": null,
              "duration": 64,
              "state": "passed",
              "speed": "medium",
              "pass": true,
              "fail": false,
              "pending": false,
              "context": null,
              "code": "cy.get('#color-palette').should('be.visible');\ncy.get('#color-palette').children('.color');",
              "err": {},
              "uuid": "afa4653b-0e0c-47cf-9ecb-a0cc6788472f",
              "parentUUID": "3256616a-7923-425f-b24d-5ce318cf7d2b",
              "isHook": false,
              "skipped": false
            },
            {
              "title": "Verifica se cada cor individual da paleta de cores possui a `classe` chamada `color`.",
              "fullTitle": "2 - Adicione à página uma paleta de quatro cores distintas. Verifica se cada cor individual da paleta de cores possui a `classe` chamada `color`.",
              "timedOut": null,
              "duration": 94,
              "state": "passed",
              "speed": "slow",
              "pass": true,
              "fail": false,
              "pending": false,
              "context": null,
              "code": "cy.get('.color').should('have.length', 4).then(function (colors) {\n  for (var i = 0; i < colors.length; i++) {\n    cy.wrap(colors[i]).should('be.visible');\n  }\n});",
              "err": {},
              "uuid": "2e36ea34-5d8a-4520-b734-b2753127d70b",
              "parentUUID": "3256616a-7923-425f-b24d-5ce318cf7d2b",
              "isHook": false,
              "skipped": false
            },
            {
              "title": "Verifica se a cor de fundo de cada elemento da paleta é a cor que o elemento representa. **A única cor não permitida na paleta é a cor branca.**",
              "fullTitle": "2 - Adicione à página uma paleta de quatro cores distintas. Verifica se a cor de fundo de cada elemento da paleta é a cor que o elemento representa. **A única cor não permitida na paleta é a cor branca.**",
              "timedOut": null,
              "duration": 107,
              "state": "passed",
              "speed": "slow",
              "pass": true,
              "fail": false,
              "pending": false,
              "context": null,
              "code": "cy.get('.color').each(function (color) {\n  cy.wrap(color).should('have.class', 'color').and('not.have.css', 'background-color', WHITE);\n  cy.wrap(color).should('have.css', 'background-color');\n});",
              "err": {},
              "uuid": "baf61d30-e92c-4f5c-be66-05312bef9aed",
              "parentUUID": "3256616a-7923-425f-b24d-5ce318cf7d2b",
              "isHook": false,
              "skipped": false
            },
            {
              "title": "Verifica se cada elemento da paleta de cores tem uma borda preta, sólida e com 1 pixel de largura;",
              "fullTitle": "2 - Adicione à página uma paleta de quatro cores distintas. Verifica se cada elemento da paleta de cores tem uma borda preta, sólida e com 1 pixel de largura;",
              "timedOut": null,
              "duration": 99,
              "state": "passed",
              "speed": "slow",
              "pass": true,
              "fail": false,
              "pending": false,
              "context": null,
              "code": "cy.get('.color').each(function (color) {\n  cy.wrap(color).and('have.css', 'border', \"1px solid \".concat(BLACK)).and('have.class', 'color');\n});",
              "err": {},
              "uuid": "88c1611c-aa15-4582-8388-6fc49abd852d",
              "parentUUID": "3256616a-7923-425f-b24d-5ce318cf7d2b",
              "isHook": false,
              "skipped": false
            },
            {
              "title": "Verifica se a paleta lista todas as cores disponíveis para utilização, lado a lado.",
              "fullTitle": "2 - Adicione à página uma paleta de quatro cores distintas. Verifica se a paleta lista todas as cores disponíveis para utilização, lado a lado.",
              "timedOut": null,
              "duration": 128,
              "state": "passed",
              "speed": "slow",
              "pass": true,
              "fail": false,
              "pending": false,
              "context": null,
              "code": "cy.get('.color').then(function (colors) {\n  for (var index = 1; index < colors.length; index += 1) {\n    var currentColor = colors[index];\n    var previousColor = colors[index - 1];\n    cy.wrap(currentColor).should('be.onTheRightOf', previousColor).and('be.horizontallyAlignedWith', previousColor);\n  }\n});",
              "err": {},
              "uuid": "13e15f68-db61-444d-bb04-2cb2499575fc",
              "parentUUID": "3256616a-7923-425f-b24d-5ce318cf7d2b",
              "isHook": false,
              "skipped": false
            },
            {
              "title": "Verifica se a paleta de cores está posicionada abaixo do título 'Paleta de Cores'",
              "fullTitle": "2 - Adicione à página uma paleta de quatro cores distintas. Verifica se a paleta de cores está posicionada abaixo do título 'Paleta de Cores'",
              "timedOut": null,
              "duration": 117,
              "state": "passed",
              "speed": "slow",
              "pass": true,
              "fail": false,
              "pending": false,
              "context": null,
              "code": "cy.get('h1#title').then(function (title) {\n  cy.get('#color-palette').should('be.belowOf', title);\n});",
              "err": {},
              "uuid": "35431a6c-c0ce-48ad-a5bd-726a84b591e9",
              "parentUUID": "3256616a-7923-425f-b24d-5ce318cf7d2b",
              "isHook": false,
              "skipped": false
            },
            {
              "title": "Verifica se a paleta de cores não contém cores repetidas.",
              "fullTitle": "2 - Adicione à página uma paleta de quatro cores distintas. Verifica se a paleta de cores não contém cores repetidas.",
              "timedOut": null,
              "duration": 118,
              "state": "passed",
              "speed": "slow",
              "pass": true,
              "fail": false,
              "pending": false,
              "context": null,
              "code": "cy.get('.color').then(function (colors) {\n  var allColors = Array.from(colors).map(function (color) {\n    return Cypress.$(color).css('background-color');\n  });\n  cy.log(allColors);\n  var uniqColors = (0, _toConsumableArray2[\"default\"])(new Set(allColors));\n  cy.log(uniqColors);\n  expect(allColors.length).to.eq(uniqColors.length);\n});",
              "err": {},
              "uuid": "a7d999a1-b10f-4cda-8221-84f6a4c9f63d",
              "parentUUID": "3256616a-7923-425f-b24d-5ce318cf7d2b",
              "isHook": false,
              "skipped": false
            }
          ],
          "suites": [],
          "passes": [
            "afa4653b-0e0c-47cf-9ecb-a0cc6788472f",
            "2e36ea34-5d8a-4520-b734-b2753127d70b",
            "baf61d30-e92c-4f5c-be66-05312bef9aed",
            "88c1611c-aa15-4582-8388-6fc49abd852d",
            "13e15f68-db61-444d-bb04-2cb2499575fc",
            "35431a6c-c0ce-48ad-a5bd-726a84b591e9",
            "a7d999a1-b10f-4cda-8221-84f6a4c9f63d"
          ],
          "failures": [],
          "pending": [],
          "skipped": [],
          "duration": 727,
          "root": false,
          "rootEmpty": false,
          "_timeout": 2000
        },
        {
          "uuid": "fa0134c2-22e0-455e-b21f-e633832d810d",
          "title": "3 - Adicione a cor **preta** como a primeira cor da paleta de cores.",
          "fullFile": "",
          "file": "",
          "beforeHooks": [],
          "afterHooks": [],
          "tests": [
            {
              "title": "Verifica se a primeira cor da paleta é preta",
              "fullTitle": "3 - Adicione a cor **preta** como a primeira cor da paleta de cores. Verifica se a primeira cor da paleta é preta",
              "timedOut": null,
              "duration": 67,
              "state": "passed",
              "speed": "medium",
              "pass": true,
              "fail": false,
              "pending": false,
              "context": null,
              "code": "cy.get('.color').first().should('have.css', 'background-color', BLACK);",
              "err": {},
              "uuid": "932e03ee-c6a9-4648-bc27-97c6d4f0b190",
              "parentUUID": "fa0134c2-22e0-455e-b21f-e633832d810d",
              "isHook": false,
              "skipped": false
            },
            {
              "title": "Verifica se as demais cores podem ser escolhidas livremente.",
              "fullTitle": "3 - Adicione a cor **preta** como a primeira cor da paleta de cores. Verifica se as demais cores podem ser escolhidas livremente.",
              "timedOut": null,
              "duration": 141,
              "state": "passed",
              "speed": "slow",
              "pass": true,
              "fail": false,
              "pending": false,
              "context": null,
              "code": "cy.get('.color').eq(1).should('not.have.css', 'background-color', BLACK);\ncy.get('.color').eq(1).should('not.have.css', 'background-color', WHITE);\ncy.get('.color').eq(1).should('not.have.css', 'background-color', 'rgba(0, 0, 0, 0)');\ncy.get('.color').eq(1).should('have.css', 'background-color');\ncy.get('.color').eq(2).should('not.have.css', 'background-color', BLACK);\ncy.get('.color').eq(2).should('not.have.css', 'background-color', WHITE);\ncy.get('.color').eq(2).should('not.have.css', 'background-color', 'rgba(0, 0, 0, 0)');\ncy.get('.color').eq(2).should('have.css', 'background-color');\ncy.get('.color').eq(3).should('not.have.css', 'background-color', BLACK);\ncy.get('.color').eq(3).should('not.have.css', 'background-color', WHITE);\ncy.get('.color').eq(3).should('not.have.css', 'background-color', 'rgba(0, 0, 0, 0)');\ncy.get('.color').eq(3).should('have.css', 'background-color');",
              "err": {},
              "uuid": "4cbae3ab-e13e-4fb3-9b93-057d2d5d055a",
              "parentUUID": "fa0134c2-22e0-455e-b21f-e633832d810d",
              "isHook": false,
              "skipped": false
            }
          ],
          "suites": [],
          "passes": [
            "932e03ee-c6a9-4648-bc27-97c6d4f0b190",
            "4cbae3ab-e13e-4fb3-9b93-057d2d5d055a"
          ],
          "failures": [],
          "pending": [],
          "skipped": [],
          "duration": 208,
          "root": false,
          "rootEmpty": false,
          "_timeout": 2000
        },
        {
          "uuid": "bb3c9c38-413f-4638-8784-5462df32ba20",
          "title": "4 - Adicione à página um quadro de pixels, com 25 pixels.",
          "fullFile": "",
          "file": "",
          "beforeHooks": [],
          "afterHooks": [],
          "tests": [
            {
              "title": "Verifica se o quadro de pixels possui o `id` denominado `pixel-board`",
              "fullTitle": "4 - Adicione à página um quadro de pixels, com 25 pixels. Verifica se o quadro de pixels possui o `id` denominado `pixel-board`",
              "timedOut": null,
              "duration": 88,
              "state": "passed",
              "speed": "slow",
              "pass": true,
              "fail": false,
              "pending": false,
              "context": null,
              "code": "cy.get('#pixel-board').should('be.visible');",
              "err": {},
              "uuid": "c679aab5-5bf1-4492-a107-3b80573455d5",
              "parentUUID": "bb3c9c38-413f-4638-8784-5462df32ba20",
              "isHook": false,
              "skipped": false
            },
            {
              "title": "Verifica se cada pixel individual dentro do quadro possui a `classe` denominada `pixel`.",
              "fullTitle": "4 - Adicione à página um quadro de pixels, com 25 pixels. Verifica se cada pixel individual dentro do quadro possui a `classe` denominada `pixel`.",
              "timedOut": null,
              "duration": 88,
              "state": "passed",
              "speed": "slow",
              "pass": true,
              "fail": false,
              "pending": false,
              "context": null,
              "code": "cy.get('.pixel').should('have.length', 25);",
              "err": {},
              "uuid": "98679eb7-c1e2-4062-a6c2-06b3f8a83a2a",
              "parentUUID": "bb3c9c38-413f-4638-8784-5462df32ba20",
              "isHook": false,
              "skipped": false
            },
            {
              "title": "Verifica se a cor inicial dos pixels dentro do quadro, ao abrir a página, é branca.",
              "fullTitle": "4 - Adicione à página um quadro de pixels, com 25 pixels. Verifica se a cor inicial dos pixels dentro do quadro, ao abrir a página, é branca.",
              "timedOut": null,
              "duration": 123,
              "state": "passed",
              "speed": "slow",
              "pass": true,
              "fail": false,
              "pending": false,
              "context": null,
              "code": "cy.get('.pixel').should('have.length', 25).each(function (pixel) {\n  expect(pixel).to.have.css('background-color', WHITE);\n});",
              "err": {},
              "uuid": "8b99bc6b-c778-4b0a-9203-ca34ad94cbe9",
              "parentUUID": "bb3c9c38-413f-4638-8784-5462df32ba20",
              "isHook": false,
              "skipped": false
            },
            {
              "title": "Verifica se o quadro de pixels aparece abaixo da paleta de cores",
              "fullTitle": "4 - Adicione à página um quadro de pixels, com 25 pixels. Verifica se o quadro de pixels aparece abaixo da paleta de cores",
              "timedOut": null,
              "duration": 85,
              "state": "passed",
              "speed": "slow",
              "pass": true,
              "fail": false,
              "pending": false,
              "context": null,
              "code": "cy.get('#color-palette').then(function (palette) {\n  cy.get('#pixel-board').should('be.belowOf', palette);\n});",
              "err": {},
              "uuid": "88ee9b8b-3eb8-408f-b16e-1a69def47126",
              "parentUUID": "bb3c9c38-413f-4638-8784-5462df32ba20",
              "isHook": false,
              "skipped": false
            }
          ],
          "suites": [],
          "passes": [
            "c679aab5-5bf1-4492-a107-3b80573455d5",
            "98679eb7-c1e2-4062-a6c2-06b3f8a83a2a",
            "8b99bc6b-c778-4b0a-9203-ca34ad94cbe9",
            "88ee9b8b-3eb8-408f-b16e-1a69def47126"
          ],
          "failures": [],
          "pending": [],
          "skipped": [],
          "duration": 384,
          "root": false,
          "rootEmpty": false,
          "_timeout": 2000
        },
        {
          "uuid": "6c5fe1ca-d57d-4688-8f6a-5934080a794d",
          "title": "5 - Faça com que cada elemento do quadro de pixels possua 40 pixels de largura, 40 pixels de altura e seja delimitado por uma borda preta de 1 pixel.",
          "fullFile": "",
          "file": "",
          "beforeHooks": [],
          "afterHooks": [],
          "tests": [
            {
              "title": "Verifica se o quadro de pixels tem altura e comprimento de 5 elementos",
              "fullTitle": "5 - Faça com que cada elemento do quadro de pixels possua 40 pixels de largura, 40 pixels de altura e seja delimitado por uma borda preta de 1 pixel. Verifica se o quadro de pixels tem altura e comprimento de 5 elementos",
              "timedOut": null,
              "duration": 200,
              "state": "passed",
              "speed": "slow",
              "pass": true,
              "fail": false,
              "pending": false,
              "context": null,
              "code": "cy.get('.pixel').should('have.length', 25).each(function (pixel) {\n  expect(pixel).to.have.css('background-color', WHITE);\n}).and(function (pixels) {\n  var rows = chunk(pixels, 5);\n  rows.forEach(function (row) {\n    for (var index = 1; index < row.length; index += 1) {\n      var current = pixels[index];\n      var previous = pixels[index - 1];\n      cy.wrap(current).should('be.onTheRightOf', previous).and('be.horizontallyAlignedWith', previous);\n    }\n  });\n  for (var index = 1; index < 5; index += 1) {\n    expect(pixels[index * 5]).to.be.belowOf(pixels[(index - 1) * 5]);\n  }\n});",
              "err": {},
              "uuid": "038bc146-2a48-4652-beb7-6896bec2a63f",
              "parentUUID": "6c5fe1ca-d57d-4688-8f6a-5934080a794d",
              "isHook": false,
              "skipped": false
            },
            {
              "title": "Verifica se 40 pixels é o tamanho total do elemento, incluindo seu conteúdo e excluindo a borda preta, que deve ser criada à parte.",
              "fullTitle": "5 - Faça com que cada elemento do quadro de pixels possua 40 pixels de largura, 40 pixels de altura e seja delimitado por uma borda preta de 1 pixel. Verifica se 40 pixels é o tamanho total do elemento, incluindo seu conteúdo e excluindo a borda preta, que deve ser criada à parte.",
              "timedOut": null,
              "duration": 207,
              "state": "passed",
              "speed": "slow",
              "pass": true,
              "fail": false,
              "pending": false,
              "context": null,
              "code": "cy.get('.pixel').each(function (pixel) {\n  cy.wrap(pixel).should('have.css', 'height', '40px').and('have.css', 'width', '40px').and('have.css', 'border', \"1px solid \".concat(BLACK));\n});",
              "err": {},
              "uuid": "5363245e-8300-4bbf-99df-8f347a7e9203",
              "parentUUID": "6c5fe1ca-d57d-4688-8f6a-5934080a794d",
              "isHook": false,
              "skipped": false
            }
          ],
          "suites": [],
          "passes": [
            "038bc146-2a48-4652-beb7-6896bec2a63f",
            "5363245e-8300-4bbf-99df-8f347a7e9203"
          ],
          "failures": [],
          "pending": [],
          "skipped": [],
          "duration": 407,
          "root": false,
          "rootEmpty": false,
          "_timeout": 2000
        },
        {
          "uuid": "3a057391-40d2-45d4-8928-831ac3ae64f9",
          "title": "6 - Defina a cor preta como cor inicial. Ao carregar a página a cor preta já deve estar selecionada para pintar os pixels",
          "fullFile": "",
          "file": "",
          "beforeHooks": [],
          "afterHooks": [],
          "tests": [
            {
              "title": "Verifica se o elemento da cor preta possui, inicialmente, a `classe` `selected`",
              "fullTitle": "6 - Defina a cor preta como cor inicial. Ao carregar a página a cor preta já deve estar selecionada para pintar os pixels Verifica se o elemento da cor preta possui, inicialmente, a `classe` `selected`",
              "timedOut": null,
              "duration": 68,
              "state": "passed",
              "speed": "medium",
              "pass": true,
              "fail": false,
              "pending": false,
              "context": null,
              "code": "cy.get('.selected').first().should('have.css', 'background-color', BLACK);",
              "err": {},
              "uuid": "593e2287-6350-4ad3-91f8-cbc135c68180",
              "parentUUID": "3a057391-40d2-45d4-8928-831ac3ae64f9",
              "isHook": false,
              "skipped": false
            },
            {
              "title": "Verifica se nenhuma outra cor da paleta tem a `classe` `selected`",
              "fullTitle": "6 - Defina a cor preta como cor inicial. Ao carregar a página a cor preta já deve estar selecionada para pintar os pixels Verifica se nenhuma outra cor da paleta tem a `classe` `selected`",
              "timedOut": null,
              "duration": 73,
              "state": "passed",
              "speed": "medium",
              "pass": true,
              "fail": false,
              "pending": false,
              "context": null,
              "code": "cy.get('.color:not(:first-child)').each(function (color) {\n  cy.wrap(color).should('not.have.class', 'selected');\n});",
              "err": {},
              "uuid": "42aad274-a731-4556-a2d8-98737d27dee0",
              "parentUUID": "3a057391-40d2-45d4-8928-831ac3ae64f9",
              "isHook": false,
              "skipped": false
            }
          ],
          "suites": [],
          "passes": [
            "593e2287-6350-4ad3-91f8-cbc135c68180",
            "42aad274-a731-4556-a2d8-98737d27dee0"
          ],
          "failures": [],
          "pending": [],
          "skipped": [],
          "duration": 141,
          "root": false,
          "rootEmpty": false,
          "_timeout": 2000
        },
        {
          "uuid": "676a5510-3106-463e-bcd1-2e9cf4c75fda",
          "title": "7 - Clicar em uma das cores da paleta, faz com que ela seja selecionada e utilizada para preencher os pixels no quadro.",
          "fullFile": "",
          "file": "",
          "beforeHooks": [],
          "afterHooks": [],
          "tests": [
            {
              "title": "Verifica se somente uma cor da paleta de cores tem a classe `selected` de cada vez",
              "fullTitle": "7 - Clicar em uma das cores da paleta, faz com que ela seja selecionada e utilizada para preencher os pixels no quadro. Verifica se somente uma cor da paleta de cores tem a classe `selected` de cada vez",
              "timedOut": null,
              "duration": 394,
              "state": "passed",
              "speed": "slow",
              "pass": true,
              "fail": false,
              "pending": false,
              "context": null,
              "code": "cy.get('.color').each(function (selectedColor, selectedColorIndex) {\n  cy.wrap(selectedColor).click();\n  cy.get('.color').each(function (color, colorIndex) {\n    if (colorIndex === selectedColorIndex) {\n      expect(color).to.have[\"class\"]('selected');\n    } else {\n      expect(color).not.to.have[\"class\"]('selected');\n    }\n  });\n});",
              "err": {},
              "uuid": "c71c3f9e-27b4-413c-8776-461613fa9177",
              "parentUUID": "676a5510-3106-463e-bcd1-2e9cf4c75fda",
              "isHook": false,
              "skipped": false
            },
            {
              "title": "Verifica se os pixels dentro do quadro não têm a classe `selected` quando são clicados",
              "fullTitle": "7 - Clicar em uma das cores da paleta, faz com que ela seja selecionada e utilizada para preencher os pixels no quadro. Verifica se os pixels dentro do quadro não têm a classe `selected` quando são clicados",
              "timedOut": null,
              "duration": 7837,
              "state": "passed",
              "speed": "slow",
              "pass": true,
              "fail": false,
              "pending": false,
              "context": null,
              "code": "cy.get('.color').each(function (color) {\n  var backgroundColor = color.css('background-color');\n  cy.wrap(color).click();\n  cy.get('.pixel').each(function (pixel) {\n    cy.wrap(pixel).click().should('not.have.class', 'selected');\n  });\n});",
              "err": {},
              "uuid": "ca968b95-a83c-43a0-ac74-bef342c62683",
              "parentUUID": "676a5510-3106-463e-bcd1-2e9cf4c75fda",
              "isHook": false,
              "skipped": false
            }
          ],
          "suites": [],
          "passes": [
            "c71c3f9e-27b4-413c-8776-461613fa9177",
            "ca968b95-a83c-43a0-ac74-bef342c62683"
          ],
          "failures": [],
          "pending": [],
          "skipped": [],
          "duration": 8231,
          "root": false,
          "rootEmpty": false,
          "_timeout": 2000
        },
        {
          "uuid": "947ca9e1-d722-4db8-b778-adc706849ef7",
          "title": "8 - Clicar em um pixel dentro do quadro após selecionar uma cor na paleta, faz com que o pixel seja preenchido com a cor selecionada.",
          "fullFile": "",
          "file": "",
          "beforeHooks": [],
          "afterHooks": [],
          "tests": [
            {
              "title": "Verifica se ao carregar a página deve ser possível pintar os pixels de preto",
              "fullTitle": "8 - Clicar em um pixel dentro do quadro após selecionar uma cor na paleta, faz com que o pixel seja preenchido com a cor selecionada. Verifica se ao carregar a página deve ser possível pintar os pixels de preto",
              "timedOut": null,
              "duration": 1954,
              "state": "passed",
              "speed": "slow",
              "pass": true,
              "fail": false,
              "pending": false,
              "context": null,
              "code": "cy.get('.pixel').each(function (pixel) {\n  cy.wrap(pixel).click().should('have.css', 'background-color', BLACK);\n});",
              "err": {},
              "uuid": "2038cb60-563f-4a41-aa64-20afa60ea6e5",
              "parentUUID": "947ca9e1-d722-4db8-b778-adc706849ef7",
              "isHook": false,
              "skipped": false
            },
            {
              "title": "Verifica se após selecionar uma outra cor na paleta, é possível pintar os pixels com essa cor",
              "fullTitle": "8 - Clicar em um pixel dentro do quadro após selecionar uma cor na paleta, faz com que o pixel seja preenchido com a cor selecionada. Verifica se após selecionar uma outra cor na paleta, é possível pintar os pixels com essa cor",
              "timedOut": null,
              "duration": 6295,
              "state": "failed",
              "speed": null,
              "pass": false,
              "fail": true,
              "pending": false,
              "context": null,
              "code": "cy.get('.color').each(function (color) {\n  var backgroundColor = color.css('background-color');\n  cy.wrap(color).click();\n  cy.get('.pixel').each(function (pixel) {\n    cy.wrap(pixel).click().should('have.css', 'background-color', backgroundColor);\n  });\n});",
              "err": {
                "message": "CypressError: Timed out retrying: expected '<div.pixel.white>' to have CSS property 'background-color' with the value 'rgb(255, 0, 0)', but the value was 'rgb(255, 255, 255)'",
                "estack": "CypressError: Timed out retrying: expected '<div.pixel.white>' to have CSS property 'background-color' with the value 'rgb(255, 0, 0)', but the value was 'rgb(255, 255, 255)'\n    at cypressErr (http://localhost:41567/__cypress/runner/cypress_runner.js:149934:9)\n    at throwErr (http://localhost:41567/__cypress/runner/cypress_runner.js:149867:11)\n    at Object.throwErrByPath (http://localhost:41567/__cypress/runner/cypress_runner.js:149915:3)\n    at retry (http://localhost:41567/__cypress/runner/cypress_runner.js:144197:19)\n    at onFailFn (http://localhost:41567/__cypress/runner/cypress_runner.js:132448:16)\n    at tryCatcher (http://localhost:41567/__cypress/runner/cypress_runner.js:167415:23)\n    at Promise._settlePromiseFromHandler (http://localhost:41567/__cypress/runner/cypress_runner.js:165351:31)\n    at Promise._settlePromise (http://localhost:41567/__cypress/runner/cypress_runner.js:165408:18)\n    at Promise._settlePromise0 (http://localhost:41567/__cypress/runner/cypress_runner.js:165453:10)\n    at Promise._settlePromises (http://localhost:41567/__cypress/runner/cypress_runner.js:165528:18)\n    at Async../node_modules/bluebird/js/release/async.js.Async._drainQueue (http://localhost:41567/__cypress/runner/cypress_runner.js:162140:16)\n    at Async../node_modules/bluebird/js/release/async.js.Async._drainQueues (http://localhost:41567/__cypress/runner/cypress_runner.js:162150:10)\n    at Async.drainQueues (http://localhost:41567/__cypress/runner/cypress_runner.js:162024:14)",
                "diff": null
              },
              "uuid": "9d97caab-2347-449e-b56a-6287f516a768",
              "parentUUID": "947ca9e1-d722-4db8-b778-adc706849ef7",
              "isHook": false,
              "skipped": false
            },
            {
              "title": "Verifica se somente o pixel que foi clicado foi preenchido com a cor selecionada, sem influenciar na cor dos demais pixels.",
              "fullTitle": "8 - Clicar em um pixel dentro do quadro após selecionar uma cor na paleta, faz com que o pixel seja preenchido com a cor selecionada. Verifica se somente o pixel que foi clicado foi preenchido com a cor selecionada, sem influenciar na cor dos demais pixels.",
              "timedOut": null,
              "duration": 1121,
              "state": "passed",
              "speed": "slow",
              "pass": true,
              "fail": false,
              "pending": false,
              "context": null,
              "code": "var colorToPixelIndexMap = {\n  0: 6,\n  1: 8,\n  2: 16,\n  3: 18\n};\ncy.get('.color').each(function (color, index) {\n  cy.wrap(color).click();\n  var backgroundColor = color.css('background-color');\n  var clickedPixelIndex = colorToPixelIndexMap[index];\n  cy.get('.pixel').eq(clickedPixelIndex).click();\n  cy.get('.pixel').eq(clickedPixelIndex - 1).should('not.have.css', 'background-color', backgroundColor);\n  cy.get('.pixel').eq(clickedPixelIndex + 1).should('not.have.css', 'background-color', backgroundColor);\n  cy.get('.pixel').eq(clickedPixelIndex - 5).should('not.have.css', 'background-color', backgroundColor);\n  cy.get('.pixel').eq(clickedPixelIndex + 5).should('not.have.css', 'background-color', backgroundColor);\n  cy.get('.pixel').eq(clickedPixelIndex - 6).should('not.have.css', 'background-color', backgroundColor);\n  cy.get('.pixel').eq(clickedPixelIndex - 4).should('not.have.css', 'background-color', backgroundColor);\n  cy.get('.pixel').eq(clickedPixelIndex + 4).should('not.have.css', 'background-color', backgroundColor);\n  cy.get('.pixel').eq(clickedPixelIndex + 6).should('not.have.css', 'background-color', backgroundColor);\n});",
              "err": {},
              "uuid": "e152cd25-6052-4c69-ac45-c5c621e3da37",
              "parentUUID": "947ca9e1-d722-4db8-b778-adc706849ef7",
              "isHook": false,
              "skipped": false
            }
          ],
          "suites": [],
          "passes": [
            "2038cb60-563f-4a41-aa64-20afa60ea6e5",
            "e152cd25-6052-4c69-ac45-c5c621e3da37"
          ],
          "failures": [
            "9d97caab-2347-449e-b56a-6287f516a768"
          ],
          "pending": [],
          "skipped": [],
          "duration": 9370,
          "root": false,
          "rootEmpty": false,
          "_timeout": 2000
        },
        {
          "uuid": "90895423-06f8-4fd0-92c3-a46ea2346512",
          "title": "9 - Crie um botão que, ao ser clicado, limpa o quadro preenchendo a cor de todos seus pixels com branco.",
          "fullFile": "",
          "file": "",
          "beforeHooks": [],
          "afterHooks": [],
          "tests": [
            {
              "title": "Verifica se o botão tem o `id` denominado `clear-board`",
              "fullTitle": "9 - Crie um botão que, ao ser clicado, limpa o quadro preenchendo a cor de todos seus pixels com branco. Verifica se o botão tem o `id` denominado `clear-board`",
              "timedOut": null,
              "duration": 4205,
              "state": "failed",
              "speed": null,
              "pass": false,
              "fail": true,
              "pending": false,
              "context": null,
              "code": "cy.get('#clear-board').should('be.visible');",
              "err": {
                "message": "CypressError: Timed out retrying: Expected to find element: '#clear-board', but never found it.",
                "estack": "CypressError: Timed out retrying: Expected to find element: '#clear-board', but never found it.\n    at cypressErr (http://localhost:41567/__cypress/runner/cypress_runner.js:149934:9)\n    at throwErr (http://localhost:41567/__cypress/runner/cypress_runner.js:149867:11)\n    at Object.throwErrByPath (http://localhost:41567/__cypress/runner/cypress_runner.js:149915:3)\n    at retry (http://localhost:41567/__cypress/runner/cypress_runner.js:144197:19)\n    at onFailFn (http://localhost:41567/__cypress/runner/cypress_runner.js:132448:16)\n    at tryCatcher (http://localhost:41567/__cypress/runner/cypress_runner.js:167415:23)\n    at Promise._settlePromiseFromHandler (http://localhost:41567/__cypress/runner/cypress_runner.js:165351:31)\n    at Promise._settlePromise (http://localhost:41567/__cypress/runner/cypress_runner.js:165408:18)\n    at Promise._settlePromise0 (http://localhost:41567/__cypress/runner/cypress_runner.js:165453:10)\n    at Promise._settlePromises (http://localhost:41567/__cypress/runner/cypress_runner.js:165528:18)\n    at Async../node_modules/bluebird/js/release/async.js.Async._drainQueue (http://localhost:41567/__cypress/runner/cypress_runner.js:162140:16)\n    at Async../node_modules/bluebird/js/release/async.js.Async._drainQueues (http://localhost:41567/__cypress/runner/cypress_runner.js:162150:10)\n    at Async.drainQueues (http://localhost:41567/__cypress/runner/cypress_runner.js:162024:14)",
                "diff": null
              },
              "uuid": "06f049ec-3be7-4758-9251-ee3d0c54c964",
              "parentUUID": "90895423-06f8-4fd0-92c3-a46ea2346512",
              "isHook": false,
              "skipped": false
            },
            {
              "title": "Verifica se o botão está posicionado entre a paleta de cores e o quadro de pixels",
              "fullTitle": "9 - Crie um botão que, ao ser clicado, limpa o quadro preenchendo a cor de todos seus pixels com branco. Verifica se o botão está posicionado entre a paleta de cores e o quadro de pixels",
              "timedOut": null,
              "duration": 4248,
              "state": "failed",
              "speed": null,
              "pass": false,
              "fail": true,
              "pending": false,
              "context": null,
              "code": "cy.get('#color-palette').then(function (palette) {\n  cy.get('#clear-board').should('be.belowOf', palette);\n});\ncy.get('#clear-board').then(function (clearBtn) {\n  cy.get('#pixel-board').should('be.belowOf', clearBtn);\n});",
              "err": {
                "message": "CypressError: Timed out retrying: Expected to find element: '#clear-board', but never found it.",
                "estack": "CypressError: Timed out retrying: Expected to find element: '#clear-board', but never found it.\n    at cypressErr (http://localhost:41567/__cypress/runner/cypress_runner.js:149934:9)\n    at throwErr (http://localhost:41567/__cypress/runner/cypress_runner.js:149867:11)\n    at Object.throwErrByPath (http://localhost:41567/__cypress/runner/cypress_runner.js:149915:3)\n    at retry (http://localhost:41567/__cypress/runner/cypress_runner.js:144197:19)\n    at onFailFn (http://localhost:41567/__cypress/runner/cypress_runner.js:132448:16)\n    at tryCatcher (http://localhost:41567/__cypress/runner/cypress_runner.js:167415:23)\n    at Promise._settlePromiseFromHandler (http://localhost:41567/__cypress/runner/cypress_runner.js:165351:31)\n    at Promise._settlePromise (http://localhost:41567/__cypress/runner/cypress_runner.js:165408:18)\n    at Promise._settlePromise0 (http://localhost:41567/__cypress/runner/cypress_runner.js:165453:10)\n    at Promise._settlePromises (http://localhost:41567/__cypress/runner/cypress_runner.js:165528:18)\n    at Async../node_modules/bluebird/js/release/async.js.Async._drainQueue (http://localhost:41567/__cypress/runner/cypress_runner.js:162140:16)\n    at Async../node_modules/bluebird/js/release/async.js.Async._drainQueues (http://localhost:41567/__cypress/runner/cypress_runner.js:162150:10)\n    at Async.drainQueues (http://localhost:41567/__cypress/runner/cypress_runner.js:162024:14)",
                "diff": null
              },
              "uuid": "4dbfe85b-2d19-4c2f-9e88-294571ee4250",
              "parentUUID": "90895423-06f8-4fd0-92c3-a46ea2346512",
              "isHook": false,
              "skipped": false
            },
            {
              "title": "Verifica se o texto do botão é 'Limpar'",
              "fullTitle": "9 - Crie um botão que, ao ser clicado, limpa o quadro preenchendo a cor de todos seus pixels com branco. Verifica se o texto do botão é 'Limpar'",
              "timedOut": null,
              "duration": 4292,
              "state": "failed",
              "speed": null,
              "pass": false,
              "fail": true,
              "pending": false,
              "context": null,
              "code": "cy.get('#clear-board').should('contain.text', 'Limpar');",
              "err": {
                "message": "CypressError: Timed out retrying: Expected to find element: '#clear-board', but never found it.",
                "estack": "CypressError: Timed out retrying: Expected to find element: '#clear-board', but never found it.\n    at cypressErr (http://localhost:41567/__cypress/runner/cypress_runner.js:149934:9)\n    at throwErr (http://localhost:41567/__cypress/runner/cypress_runner.js:149867:11)\n    at Object.throwErrByPath (http://localhost:41567/__cypress/runner/cypress_runner.js:149915:3)\n    at retry (http://localhost:41567/__cypress/runner/cypress_runner.js:144197:19)\n    at onFailFn (http://localhost:41567/__cypress/runner/cypress_runner.js:132448:16)\n    at tryCatcher (http://localhost:41567/__cypress/runner/cypress_runner.js:167415:23)\n    at Promise._settlePromiseFromHandler (http://localhost:41567/__cypress/runner/cypress_runner.js:165351:31)\n    at Promise._settlePromise (http://localhost:41567/__cypress/runner/cypress_runner.js:165408:18)\n    at Promise._settlePromise0 (http://localhost:41567/__cypress/runner/cypress_runner.js:165453:10)\n    at Promise._settlePromises (http://localhost:41567/__cypress/runner/cypress_runner.js:165528:18)\n    at Async../node_modules/bluebird/js/release/async.js.Async._drainQueue (http://localhost:41567/__cypress/runner/cypress_runner.js:162140:16)\n    at Async../node_modules/bluebird/js/release/async.js.Async._drainQueues (http://localhost:41567/__cypress/runner/cypress_runner.js:162150:10)\n    at Async.drainQueues (http://localhost:41567/__cypress/runner/cypress_runner.js:162024:14)",
                "diff": null
              },
              "uuid": "65551a47-3b3f-46b5-b4df-69c813067e30",
              "parentUUID": "90895423-06f8-4fd0-92c3-a46ea2346512",
              "isHook": false,
              "skipped": false
            },
            {
              "title": "Verifica se ao clicar no botão, o quadro de pixels é totalmente preenchido de branco",
              "fullTitle": "9 - Crie um botão que, ao ser clicado, limpa o quadro preenchendo a cor de todos seus pixels com branco. Verifica se ao clicar no botão, o quadro de pixels é totalmente preenchido de branco",
              "timedOut": null,
              "duration": 4413,
              "state": "failed",
              "speed": null,
              "pass": false,
              "fail": true,
              "pending": false,
              "context": null,
              "code": "cy.get('.color').eq(1).then(function (color) {\n  var backgroundColor = color.css('background-color');\n  cy.wrap(color).click();\n  cy.get('.pixel').each(function (pixel) {\n    cy.wrap(pixel).click().should('have.css', 'background-color', backgroundColor);\n  });\n});\ncy.get('#clear-board').click();\ncy.get('.pixel').each(function (pixel) {\n  cy.wrap(pixel).should('have.css', 'background-color', WHITE);\n});",
              "err": {
                "message": "CypressError: Timed out retrying: expected '<div.pixel.black>' to have CSS property 'background-color' with the value 'rgb(255, 0, 0)', but the value was 'rgb(0, 0, 0)'",
                "estack": "CypressError: Timed out retrying: expected '<div.pixel.black>' to have CSS property 'background-color' with the value 'rgb(255, 0, 0)', but the value was 'rgb(0, 0, 0)'\n    at cypressErr (http://localhost:41567/__cypress/runner/cypress_runner.js:149934:9)\n    at throwErr (http://localhost:41567/__cypress/runner/cypress_runner.js:149867:11)\n    at Object.throwErrByPath (http://localhost:41567/__cypress/runner/cypress_runner.js:149915:3)\n    at retry (http://localhost:41567/__cypress/runner/cypress_runner.js:144197:19)\n    at onFailFn (http://localhost:41567/__cypress/runner/cypress_runner.js:132448:16)\n    at tryCatcher (http://localhost:41567/__cypress/runner/cypress_runner.js:167415:23)\n    at Promise._settlePromiseFromHandler (http://localhost:41567/__cypress/runner/cypress_runner.js:165351:31)\n    at Promise._settlePromise (http://localhost:41567/__cypress/runner/cypress_runner.js:165408:18)\n    at Promise._settlePromise0 (http://localhost:41567/__cypress/runner/cypress_runner.js:165453:10)\n    at Promise._settlePromises (http://localhost:41567/__cypress/runner/cypress_runner.js:165528:18)\n    at Async../node_modules/bluebird/js/release/async.js.Async._drainQueue (http://localhost:41567/__cypress/runner/cypress_runner.js:162140:16)\n    at Async../node_modules/bluebird/js/release/async.js.Async._drainQueues (http://localhost:41567/__cypress/runner/cypress_runner.js:162150:10)\n    at Async.drainQueues (http://localhost:41567/__cypress/runner/cypress_runner.js:162024:14)",
                "diff": null
              },
              "uuid": "649cda3a-1a88-462b-b474-70ea286f18ce",
              "parentUUID": "90895423-06f8-4fd0-92c3-a46ea2346512",
              "isHook": false,
              "skipped": false
            }
          ],
          "suites": [],
          "passes": [],
          "failures": [
            "06f049ec-3be7-4758-9251-ee3d0c54c964",
            "4dbfe85b-2d19-4c2f-9e88-294571ee4250",
            "65551a47-3b3f-46b5-b4df-69c813067e30",
            "649cda3a-1a88-462b-b474-70ea286f18ce"
          ],
          "pending": [],
          "skipped": [],
          "duration": 17158,
          "root": false,
          "rootEmpty": false,
          "_timeout": 2000
        },
        {
          "uuid": "b7fe4314-d24b-464b-b8c5-25eb5c163de4",
          "title": "10 - Faça o quadro de pixels ter seu tamanho definido pelo usuário.",
          "fullFile": "",
          "file": "",
          "beforeHooks": [],
          "afterHooks": [],
          "tests": [
            {
              "title": "Verifica se existe um input com o id `board-size`",
              "fullTitle": "10 - Faça o quadro de pixels ter seu tamanho definido pelo usuário. Verifica se existe um input com o id `board-size`",
              "timedOut": null,
              "duration": 4251,
              "state": "failed",
              "speed": null,
              "pass": false,
              "fail": true,
              "pending": false,
              "context": null,
              "code": "cy.get('#board-size').should('be.visible');",
              "err": {
                "message": "CypressError: Timed out retrying: Expected to find element: '#board-size', but never found it.",
                "estack": "CypressError: Timed out retrying: Expected to find element: '#board-size', but never found it.\n    at cypressErr (http://localhost:41567/__cypress/runner/cypress_runner.js:149934:9)\n    at throwErr (http://localhost:41567/__cypress/runner/cypress_runner.js:149867:11)\n    at Object.throwErrByPath (http://localhost:41567/__cypress/runner/cypress_runner.js:149915:3)\n    at retry (http://localhost:41567/__cypress/runner/cypress_runner.js:144197:19)\n    at onFailFn (http://localhost:41567/__cypress/runner/cypress_runner.js:132448:16)\n    at tryCatcher (http://localhost:41567/__cypress/runner/cypress_runner.js:167415:23)\n    at Promise._settlePromiseFromHandler (http://localhost:41567/__cypress/runner/cypress_runner.js:165351:31)\n    at Promise._settlePromise (http://localhost:41567/__cypress/runner/cypress_runner.js:165408:18)\n    at Promise._settlePromise0 (http://localhost:41567/__cypress/runner/cypress_runner.js:165453:10)\n    at Promise._settlePromises (http://localhost:41567/__cypress/runner/cypress_runner.js:165528:18)\n    at Async../node_modules/bluebird/js/release/async.js.Async._drainQueue (http://localhost:41567/__cypress/runner/cypress_runner.js:162140:16)\n    at Async../node_modules/bluebird/js/release/async.js.Async._drainQueues (http://localhost:41567/__cypress/runner/cypress_runner.js:162150:10)\n    at Async.drainQueues (http://localhost:41567/__cypress/runner/cypress_runner.js:162024:14)",
                "diff": null
              },
              "uuid": "cb7e847e-0394-4e06-a99f-b07c267955aa",
              "parentUUID": "b7fe4314-d24b-464b-b8c5-25eb5c163de4",
              "isHook": false,
              "skipped": false
            },
            {
              "title": "Verifica se existe um botão com o id `generate-board`",
              "fullTitle": "10 - Faça o quadro de pixels ter seu tamanho definido pelo usuário. Verifica se existe um botão com o id `generate-board`",
              "timedOut": null,
              "duration": 4263,
              "state": "failed",
              "speed": null,
              "pass": false,
              "fail": true,
              "pending": false,
              "context": null,
              "code": "cy.get('#generate-board').should('be.visible');",
              "err": {
                "message": "CypressError: Timed out retrying: Expected to find element: '#generate-board', but never found it.",
                "estack": "CypressError: Timed out retrying: Expected to find element: '#generate-board', but never found it.\n    at cypressErr (http://localhost:41567/__cypress/runner/cypress_runner.js:149934:9)\n    at throwErr (http://localhost:41567/__cypress/runner/cypress_runner.js:149867:11)\n    at Object.throwErrByPath (http://localhost:41567/__cypress/runner/cypress_runner.js:149915:3)\n    at retry (http://localhost:41567/__cypress/runner/cypress_runner.js:144197:19)\n    at onFailFn (http://localhost:41567/__cypress/runner/cypress_runner.js:132448:16)\n    at tryCatcher (http://localhost:41567/__cypress/runner/cypress_runner.js:167415:23)\n    at Promise._settlePromiseFromHandler (http://localhost:41567/__cypress/runner/cypress_runner.js:165351:31)\n    at Promise._settlePromise (http://localhost:41567/__cypress/runner/cypress_runner.js:165408:18)\n    at Promise._settlePromise0 (http://localhost:41567/__cypress/runner/cypress_runner.js:165453:10)\n    at Promise._settlePromises (http://localhost:41567/__cypress/runner/cypress_runner.js:165528:18)\n    at Async../node_modules/bluebird/js/release/async.js.Async._drainQueue (http://localhost:41567/__cypress/runner/cypress_runner.js:162140:16)\n    at Async../node_modules/bluebird/js/release/async.js.Async._drainQueues (http://localhost:41567/__cypress/runner/cypress_runner.js:162150:10)\n    at Async.drainQueues (http://localhost:41567/__cypress/runner/cypress_runner.js:162024:14)",
                "diff": null
              },
              "uuid": "96be04a7-609d-41da-97f7-284bdd40b6f3",
              "parentUUID": "b7fe4314-d24b-464b-b8c5-25eb5c163de4",
              "isHook": false,
              "skipped": false
            },
            {
              "title": "Verifica se o input só aceita número maiores que zero. Essa restrição deve ser feita usando os atributos do elemento `input`",
              "fullTitle": "10 - Faça o quadro de pixels ter seu tamanho definido pelo usuário. Verifica se o input só aceita número maiores que zero. Essa restrição deve ser feita usando os atributos do elemento `input`",
              "timedOut": null,
              "duration": 4237,
              "state": "failed",
              "speed": null,
              "pass": false,
              "fail": true,
              "pending": false,
              "context": null,
              "code": "cy.get('#board-size[type=\\'number\\'][min=\\'1\\']');",
              "err": {
                "message": "CypressError: Timed out retrying: Expected to find element: '#board-size[type='number'][min='1']', but never found it.",
                "estack": "CypressError: Timed out retrying: Expected to find element: '#board-size[type='number'][min='1']', but never found it.\n    at cypressErr (http://localhost:41567/__cypress/runner/cypress_runner.js:149934:9)\n    at throwErr (http://localhost:41567/__cypress/runner/cypress_runner.js:149867:11)\n    at Object.throwErrByPath (http://localhost:41567/__cypress/runner/cypress_runner.js:149915:3)\n    at retry (http://localhost:41567/__cypress/runner/cypress_runner.js:144197:19)\n    at onFailFn (http://localhost:41567/__cypress/runner/cypress_runner.js:132448:16)\n    at tryCatcher (http://localhost:41567/__cypress/runner/cypress_runner.js:167415:23)\n    at Promise._settlePromiseFromHandler (http://localhost:41567/__cypress/runner/cypress_runner.js:165351:31)\n    at Promise._settlePromise (http://localhost:41567/__cypress/runner/cypress_runner.js:165408:18)\n    at Promise._settlePromise0 (http://localhost:41567/__cypress/runner/cypress_runner.js:165453:10)\n    at Promise._settlePromises (http://localhost:41567/__cypress/runner/cypress_runner.js:165528:18)\n    at Async../node_modules/bluebird/js/release/async.js.Async._drainQueue (http://localhost:41567/__cypress/runner/cypress_runner.js:162140:16)\n    at Async../node_modules/bluebird/js/release/async.js.Async._drainQueues (http://localhost:41567/__cypress/runner/cypress_runner.js:162150:10)\n    at Async.drainQueues (http://localhost:41567/__cypress/runner/cypress_runner.js:162024:14)",
                "diff": null
              },
              "uuid": "d2405757-5f38-4142-81ce-5f1dbf667840",
              "parentUUID": "b7fe4314-d24b-464b-b8c5-25eb5c163de4",
              "isHook": false,
              "skipped": false
            },
            {
              "title": "Verifica se o botão contém o texto 'VQV'",
              "fullTitle": "10 - Faça o quadro de pixels ter seu tamanho definido pelo usuário. Verifica se o botão contém o texto 'VQV'",
              "timedOut": null,
              "duration": 4256,
              "state": "failed",
              "speed": null,
              "pass": false,
              "fail": true,
              "pending": false,
              "context": null,
              "code": "cy.get('#generate-board').contains(/vqv/i);",
              "err": {
                "message": "CypressError: Timed out retrying: Expected to find element: '#generate-board', but never found it.",
                "estack": "CypressError: Timed out retrying: Expected to find element: '#generate-board', but never found it.\n    at cypressErr (http://localhost:41567/__cypress/runner/cypress_runner.js:149934:9)\n    at throwErr (http://localhost:41567/__cypress/runner/cypress_runner.js:149867:11)\n    at Object.throwErrByPath (http://localhost:41567/__cypress/runner/cypress_runner.js:149915:3)\n    at retry (http://localhost:41567/__cypress/runner/cypress_runner.js:144197:19)\n    at onFailFn (http://localhost:41567/__cypress/runner/cypress_runner.js:132448:16)\n    at tryCatcher (http://localhost:41567/__cypress/runner/cypress_runner.js:167415:23)\n    at Promise._settlePromiseFromHandler (http://localhost:41567/__cypress/runner/cypress_runner.js:165351:31)\n    at Promise._settlePromise (http://localhost:41567/__cypress/runner/cypress_runner.js:165408:18)\n    at Promise._settlePromise0 (http://localhost:41567/__cypress/runner/cypress_runner.js:165453:10)\n    at Promise._settlePromises (http://localhost:41567/__cypress/runner/cypress_runner.js:165528:18)\n    at Async../node_modules/bluebird/js/release/async.js.Async._drainQueue (http://localhost:41567/__cypress/runner/cypress_runner.js:162140:16)\n    at Async../node_modules/bluebird/js/release/async.js.Async._drainQueues (http://localhost:41567/__cypress/runner/cypress_runner.js:162150:10)\n    at Async.drainQueues (http://localhost:41567/__cypress/runner/cypress_runner.js:162024:14)",
                "diff": null
              },
              "uuid": "357ebbd2-eda9-4953-b950-7a9a2a3f75b8",
              "parentUUID": "b7fe4314-d24b-464b-b8c5-25eb5c163de4",
              "isHook": false,
              "skipped": false
            },
            {
              "title": "Verifica se o input está posicionado entre a paleta de cores e o quadro de pixels",
              "fullTitle": "10 - Faça o quadro de pixels ter seu tamanho definido pelo usuário. Verifica se o input está posicionado entre a paleta de cores e o quadro de pixels",
              "timedOut": null,
              "duration": 4234,
              "state": "failed",
              "speed": null,
              "pass": false,
              "fail": true,
              "pending": false,
              "context": null,
              "code": "cy.get('#color-palette').then(function (palette) {\n  cy.get('#board-size').should('be.belowOf', palette);\n});\ncy.get('#board-size').then(function (palette) {\n  cy.get('#pixel-board').should('be.belowOf', palette);\n});",
              "err": {
                "message": "CypressError: Timed out retrying: Expected to find element: '#board-size', but never found it.",
                "estack": "CypressError: Timed out retrying: Expected to find element: '#board-size', but never found it.\n    at cypressErr (http://localhost:41567/__cypress/runner/cypress_runner.js:149934:9)\n    at throwErr (http://localhost:41567/__cypress/runner/cypress_runner.js:149867:11)\n    at Object.throwErrByPath (http://localhost:41567/__cypress/runner/cypress_runner.js:149915:3)\n    at retry (http://localhost:41567/__cypress/runner/cypress_runner.js:144197:19)\n    at onFailFn (http://localhost:41567/__cypress/runner/cypress_runner.js:132448:16)\n    at tryCatcher (http://localhost:41567/__cypress/runner/cypress_runner.js:167415:23)\n    at Promise._settlePromiseFromHandler (http://localhost:41567/__cypress/runner/cypress_runner.js:165351:31)\n    at Promise._settlePromise (http://localhost:41567/__cypress/runner/cypress_runner.js:165408:18)\n    at Promise._settlePromise0 (http://localhost:41567/__cypress/runner/cypress_runner.js:165453:10)\n    at Promise._settlePromises (http://localhost:41567/__cypress/runner/cypress_runner.js:165528:18)\n    at Async../node_modules/bluebird/js/release/async.js.Async._drainQueue (http://localhost:41567/__cypress/runner/cypress_runner.js:162140:16)\n    at Async../node_modules/bluebird/js/release/async.js.Async._drainQueues (http://localhost:41567/__cypress/runner/cypress_runner.js:162150:10)\n    at Async.drainQueues (http://localhost:41567/__cypress/runner/cypress_runner.js:162024:14)",
                "diff": null
              },
              "uuid": "154facb1-6d02-4ffe-8ef4-7007d99a1abf",
              "parentUUID": "b7fe4314-d24b-464b-b8c5-25eb5c163de4",
              "isHook": false,
              "skipped": false
            },
            {
              "title": "Verifica se o botão está posicionado ao lado do input",
              "fullTitle": "10 - Faça o quadro de pixels ter seu tamanho definido pelo usuário. Verifica se o botão está posicionado ao lado do input",
              "timedOut": null,
              "duration": 4264,
              "state": "failed",
              "speed": null,
              "pass": false,
              "fail": true,
              "pending": false,
              "context": null,
              "code": "cy.get('#board-size').then(function (board) {\n  cy.get('#generate-board').should('be.onTheRightOf', board);\n});",
              "err": {
                "message": "CypressError: Timed out retrying: Expected to find element: '#board-size', but never found it.",
                "estack": "CypressError: Timed out retrying: Expected to find element: '#board-size', but never found it.\n    at cypressErr (http://localhost:41567/__cypress/runner/cypress_runner.js:149934:9)\n    at throwErr (http://localhost:41567/__cypress/runner/cypress_runner.js:149867:11)\n    at Object.throwErrByPath (http://localhost:41567/__cypress/runner/cypress_runner.js:149915:3)\n    at retry (http://localhost:41567/__cypress/runner/cypress_runner.js:144197:19)\n    at onFailFn (http://localhost:41567/__cypress/runner/cypress_runner.js:132448:16)\n    at tryCatcher (http://localhost:41567/__cypress/runner/cypress_runner.js:167415:23)\n    at Promise._settlePromiseFromHandler (http://localhost:41567/__cypress/runner/cypress_runner.js:165351:31)\n    at Promise._settlePromise (http://localhost:41567/__cypress/runner/cypress_runner.js:165408:18)\n    at Promise._settlePromise0 (http://localhost:41567/__cypress/runner/cypress_runner.js:165453:10)\n    at Promise._settlePromises (http://localhost:41567/__cypress/runner/cypress_runner.js:165528:18)\n    at Async../node_modules/bluebird/js/release/async.js.Async._drainQueue (http://localhost:41567/__cypress/runner/cypress_runner.js:162140:16)\n    at Async../node_modules/bluebird/js/release/async.js.Async._drainQueues (http://localhost:41567/__cypress/runner/cypress_runner.js:162150:10)\n    at Async.drainQueues (http://localhost:41567/__cypress/runner/cypress_runner.js:162024:14)",
                "diff": null
              },
              "uuid": "effbe78f-372e-4a2f-b1cf-2c4e78441aa6",
              "parentUUID": "b7fe4314-d24b-464b-b8c5-25eb5c163de4",
              "isHook": false,
              "skipped": false
            },
            {
              "title": "Verifica se nenhum valor for colocado no input ao clicar no botão, um `alert` é exibido com o texto: 'Board inválido!'",
              "fullTitle": "10 - Faça o quadro de pixels ter seu tamanho definido pelo usuário. Verifica se nenhum valor for colocado no input ao clicar no botão, um `alert` é exibido com o texto: 'Board inválido!'",
              "timedOut": null,
              "duration": 4258,
              "state": "failed",
              "speed": null,
              "pass": false,
              "fail": true,
              "pending": false,
              "context": null,
              "code": "var alerted = false;\ncy.on('window:alert', function (msg) {\n  return alerted = msg;\n});\ncy.get('#generate-board').click().then(function () {\n  return expect(alerted).to.match(/Board inválido!/i);\n});",
              "err": {
                "message": "CypressError: Timed out retrying: Expected to find element: '#generate-board', but never found it.",
                "estack": "CypressError: Timed out retrying: Expected to find element: '#generate-board', but never found it.\n    at cypressErr (http://localhost:41567/__cypress/runner/cypress_runner.js:149934:9)\n    at throwErr (http://localhost:41567/__cypress/runner/cypress_runner.js:149867:11)\n    at Object.throwErrByPath (http://localhost:41567/__cypress/runner/cypress_runner.js:149915:3)\n    at retry (http://localhost:41567/__cypress/runner/cypress_runner.js:144197:19)\n    at onFailFn (http://localhost:41567/__cypress/runner/cypress_runner.js:132448:16)\n    at tryCatcher (http://localhost:41567/__cypress/runner/cypress_runner.js:167415:23)\n    at Promise._settlePromiseFromHandler (http://localhost:41567/__cypress/runner/cypress_runner.js:165351:31)\n    at Promise._settlePromise (http://localhost:41567/__cypress/runner/cypress_runner.js:165408:18)\n    at Promise._settlePromise0 (http://localhost:41567/__cypress/runner/cypress_runner.js:165453:10)\n    at Promise._settlePromises (http://localhost:41567/__cypress/runner/cypress_runner.js:165528:18)\n    at Async../node_modules/bluebird/js/release/async.js.Async._drainQueue (http://localhost:41567/__cypress/runner/cypress_runner.js:162140:16)\n    at Async../node_modules/bluebird/js/release/async.js.Async._drainQueues (http://localhost:41567/__cypress/runner/cypress_runner.js:162150:10)\n    at Async.drainQueues (http://localhost:41567/__cypress/runner/cypress_runner.js:162024:14)",
                "diff": null
              },
              "uuid": "66a53fc5-90e3-4e57-ba3e-f16c3962257e",
              "parentUUID": "b7fe4314-d24b-464b-b8c5-25eb5c163de4",
              "isHook": false,
              "skipped": false
            },
            {
              "title": "Verifica se ao clicar no botão com um valor preenchido, o tamanho do board muda.",
              "fullTitle": "10 - Faça o quadro de pixels ter seu tamanho definido pelo usuário. Verifica se ao clicar no botão com um valor preenchido, o tamanho do board muda.",
              "timedOut": null,
              "duration": 4258,
              "state": "failed",
              "speed": null,
              "pass": false,
              "fail": true,
              "pending": false,
              "context": null,
              "code": "cy.get('#board-size').clear().type(10);\ncy.get('#generate-board').click();\ncy.get('.pixel').should('have.length', 100);",
              "err": {
                "message": "CypressError: Timed out retrying: Expected to find element: '#board-size', but never found it.",
                "estack": "CypressError: Timed out retrying: Expected to find element: '#board-size', but never found it.\n    at cypressErr (http://localhost:41567/__cypress/runner/cypress_runner.js:149934:9)\n    at throwErr (http://localhost:41567/__cypress/runner/cypress_runner.js:149867:11)\n    at Object.throwErrByPath (http://localhost:41567/__cypress/runner/cypress_runner.js:149915:3)\n    at retry (http://localhost:41567/__cypress/runner/cypress_runner.js:144197:19)\n    at onFailFn (http://localhost:41567/__cypress/runner/cypress_runner.js:132448:16)\n    at tryCatcher (http://localhost:41567/__cypress/runner/cypress_runner.js:167415:23)\n    at Promise._settlePromiseFromHandler (http://localhost:41567/__cypress/runner/cypress_runner.js:165351:31)\n    at Promise._settlePromise (http://localhost:41567/__cypress/runner/cypress_runner.js:165408:18)\n    at Promise._settlePromise0 (http://localhost:41567/__cypress/runner/cypress_runner.js:165453:10)\n    at Promise._settlePromises (http://localhost:41567/__cypress/runner/cypress_runner.js:165528:18)\n    at Async../node_modules/bluebird/js/release/async.js.Async._drainQueue (http://localhost:41567/__cypress/runner/cypress_runner.js:162140:16)\n    at Async../node_modules/bluebird/js/release/async.js.Async._drainQueues (http://localhost:41567/__cypress/runner/cypress_runner.js:162150:10)\n    at Async.drainQueues (http://localhost:41567/__cypress/runner/cypress_runner.js:162024:14)",
                "diff": null
              },
              "uuid": "300fc42e-7f29-4282-abcc-31d10e530190",
              "parentUUID": "b7fe4314-d24b-464b-b8c5-25eb5c163de4",
              "isHook": false,
              "skipped": false
            },
            {
              "title": "Verifica se o novo quadro tem todos os pixels preenchidos com a cor branca",
              "fullTitle": "10 - Faça o quadro de pixels ter seu tamanho definido pelo usuário. Verifica se o novo quadro tem todos os pixels preenchidos com a cor branca",
              "timedOut": null,
              "duration": 4251,
              "state": "failed",
              "speed": null,
              "pass": false,
              "fail": true,
              "pending": false,
              "context": null,
              "code": "cy.get('#board-size').clear().type(6);\ncy.get('#generate-board').click();\ncy.get('.pixel').should('have.length', 36).each(function (pixel) {\n  expect(pixel).to.have.css('background-color', WHITE);\n});",
              "err": {
                "message": "CypressError: Timed out retrying: Expected to find element: '#board-size', but never found it.",
                "estack": "CypressError: Timed out retrying: Expected to find element: '#board-size', but never found it.\n    at cypressErr (http://localhost:41567/__cypress/runner/cypress_runner.js:149934:9)\n    at throwErr (http://localhost:41567/__cypress/runner/cypress_runner.js:149867:11)\n    at Object.throwErrByPath (http://localhost:41567/__cypress/runner/cypress_runner.js:149915:3)\n    at retry (http://localhost:41567/__cypress/runner/cypress_runner.js:144197:19)\n    at onFailFn (http://localhost:41567/__cypress/runner/cypress_runner.js:132448:16)\n    at tryCatcher (http://localhost:41567/__cypress/runner/cypress_runner.js:167415:23)\n    at Promise._settlePromiseFromHandler (http://localhost:41567/__cypress/runner/cypress_runner.js:165351:31)\n    at Promise._settlePromise (http://localhost:41567/__cypress/runner/cypress_runner.js:165408:18)\n    at Promise._settlePromise0 (http://localhost:41567/__cypress/runner/cypress_runner.js:165453:10)\n    at Promise._settlePromises (http://localhost:41567/__cypress/runner/cypress_runner.js:165528:18)\n    at Async../node_modules/bluebird/js/release/async.js.Async._drainQueue (http://localhost:41567/__cypress/runner/cypress_runner.js:162140:16)\n    at Async../node_modules/bluebird/js/release/async.js.Async._drainQueues (http://localhost:41567/__cypress/runner/cypress_runner.js:162150:10)\n    at Async.drainQueues (http://localhost:41567/__cypress/runner/cypress_runner.js:162024:14)",
                "diff": null
              },
              "uuid": "25a50b26-a364-4fcd-b65b-c7c0ebda670c",
              "parentUUID": "b7fe4314-d24b-464b-b8c5-25eb5c163de4",
              "isHook": false,
              "skipped": false
            }
          ],
          "suites": [],
          "passes": [],
          "failures": [
            "cb7e847e-0394-4e06-a99f-b07c267955aa",
            "96be04a7-609d-41da-97f7-284bdd40b6f3",
            "d2405757-5f38-4142-81ce-5f1dbf667840",
            "357ebbd2-eda9-4953-b950-7a9a2a3f75b8",
            "154facb1-6d02-4ffe-8ef4-7007d99a1abf",
            "effbe78f-372e-4a2f-b1cf-2c4e78441aa6",
            "66a53fc5-90e3-4e57-ba3e-f16c3962257e",
            "300fc42e-7f29-4282-abcc-31d10e530190",
            "25a50b26-a364-4fcd-b65b-c7c0ebda670c"
          ],
          "pending": [],
          "skipped": [],
          "duration": 38272,
          "root": false,
          "rootEmpty": false,
          "_timeout": 2000
        },
        {
          "uuid": "0e661383-f23a-423a-99c8-ff08c287bf0c",
          "title": "11 - Limite o tamanho mínimo e máximo do board.",
          "fullFile": "",
          "file": "",
          "beforeHooks": [],
          "afterHooks": [],
          "tests": [
            {
              "title": "Verifica se a altura máxima do board é 50",
              "fullTitle": "11 - Limite o tamanho mínimo e máximo do board. Verifica se a altura máxima do board é 50",
              "timedOut": null,
              "duration": 4279,
              "state": "failed",
              "speed": null,
              "pass": false,
              "fail": true,
              "pending": false,
              "context": null,
              "code": "cy.get('#board-size').clear().type(50);\ncy.get('#generate-board').click();\ncy.get('.pixel').should('have.length', 2500);",
              "err": {
                "message": "CypressError: Timed out retrying: Expected to find element: '#board-size', but never found it.",
                "estack": "CypressError: Timed out retrying: Expected to find element: '#board-size', but never found it.\n    at cypressErr (http://localhost:41567/__cypress/runner/cypress_runner.js:149934:9)\n    at throwErr (http://localhost:41567/__cypress/runner/cypress_runner.js:149867:11)\n    at Object.throwErrByPath (http://localhost:41567/__cypress/runner/cypress_runner.js:149915:3)\n    at retry (http://localhost:41567/__cypress/runner/cypress_runner.js:144197:19)\n    at onFailFn (http://localhost:41567/__cypress/runner/cypress_runner.js:132448:16)\n    at tryCatcher (http://localhost:41567/__cypress/runner/cypress_runner.js:167415:23)\n    at Promise._settlePromiseFromHandler (http://localhost:41567/__cypress/runner/cypress_runner.js:165351:31)\n    at Promise._settlePromise (http://localhost:41567/__cypress/runner/cypress_runner.js:165408:18)\n    at Promise._settlePromise0 (http://localhost:41567/__cypress/runner/cypress_runner.js:165453:10)\n    at Promise._settlePromises (http://localhost:41567/__cypress/runner/cypress_runner.js:165528:18)\n    at Async../node_modules/bluebird/js/release/async.js.Async._drainQueue (http://localhost:41567/__cypress/runner/cypress_runner.js:162140:16)\n    at Async../node_modules/bluebird/js/release/async.js.Async._drainQueues (http://localhost:41567/__cypress/runner/cypress_runner.js:162150:10)\n    at Async.drainQueues (http://localhost:41567/__cypress/runner/cypress_runner.js:162024:14)",
                "diff": null
              },
              "uuid": "c7881109-bcda-48b0-a828-dd6f4e968500",
              "parentUUID": "0e661383-f23a-423a-99c8-ff08c287bf0c",
              "isHook": false,
              "skipped": false
            },
            {
              "title": "Verifica se a altura do board é 5 quando um valor menor é colocado no input",
              "fullTitle": "11 - Limite o tamanho mínimo e máximo do board. Verifica se a altura do board é 5 quando um valor menor é colocado no input",
              "timedOut": null,
              "duration": 4253,
              "state": "failed",
              "speed": null,
              "pass": false,
              "fail": true,
              "pending": false,
              "context": null,
              "code": "cy.get('#board-size').clear().type(4);\ncy.get('#generate-board').click();\ncy.get('.pixel').should('have.length', 25);",
              "err": {
                "message": "CypressError: Timed out retrying: Expected to find element: '#board-size', but never found it.",
                "estack": "CypressError: Timed out retrying: Expected to find element: '#board-size', but never found it.\n    at cypressErr (http://localhost:41567/__cypress/runner/cypress_runner.js:149934:9)\n    at throwErr (http://localhost:41567/__cypress/runner/cypress_runner.js:149867:11)\n    at Object.throwErrByPath (http://localhost:41567/__cypress/runner/cypress_runner.js:149915:3)\n    at retry (http://localhost:41567/__cypress/runner/cypress_runner.js:144197:19)\n    at onFailFn (http://localhost:41567/__cypress/runner/cypress_runner.js:132448:16)\n    at tryCatcher (http://localhost:41567/__cypress/runner/cypress_runner.js:167415:23)\n    at Promise._settlePromiseFromHandler (http://localhost:41567/__cypress/runner/cypress_runner.js:165351:31)\n    at Promise._settlePromise (http://localhost:41567/__cypress/runner/cypress_runner.js:165408:18)\n    at Promise._settlePromise0 (http://localhost:41567/__cypress/runner/cypress_runner.js:165453:10)\n    at Promise._settlePromises (http://localhost:41567/__cypress/runner/cypress_runner.js:165528:18)\n    at Async../node_modules/bluebird/js/release/async.js.Async._drainQueue (http://localhost:41567/__cypress/runner/cypress_runner.js:162140:16)\n    at Async../node_modules/bluebird/js/release/async.js.Async._drainQueues (http://localhost:41567/__cypress/runner/cypress_runner.js:162150:10)\n    at Async.drainQueues (http://localhost:41567/__cypress/runner/cypress_runner.js:162024:14)",
                "diff": null
              },
              "uuid": "df93e1bd-7688-4e55-a261-c557b38280b4",
              "parentUUID": "0e661383-f23a-423a-99c8-ff08c287bf0c",
              "isHook": false,
              "skipped": false
            },
            {
              "title": "Verifica se a altura do board é 50 quando um valor maior é colocado no input",
              "fullTitle": "11 - Limite o tamanho mínimo e máximo do board. Verifica se a altura do board é 50 quando um valor maior é colocado no input",
              "timedOut": null,
              "duration": 4247,
              "state": "failed",
              "speed": null,
              "pass": false,
              "fail": true,
              "pending": false,
              "context": null,
              "code": "cy.get('#board-size').clear().type(51);\ncy.get('#generate-board').click();\ncy.get('.pixel').should('have.length', 2500);",
              "err": {
                "message": "CypressError: Timed out retrying: Expected to find element: '#board-size', but never found it.",
                "estack": "CypressError: Timed out retrying: Expected to find element: '#board-size', but never found it.\n    at cypressErr (http://localhost:41567/__cypress/runner/cypress_runner.js:149934:9)\n    at throwErr (http://localhost:41567/__cypress/runner/cypress_runner.js:149867:11)\n    at Object.throwErrByPath (http://localhost:41567/__cypress/runner/cypress_runner.js:149915:3)\n    at retry (http://localhost:41567/__cypress/runner/cypress_runner.js:144197:19)\n    at onFailFn (http://localhost:41567/__cypress/runner/cypress_runner.js:132448:16)\n    at tryCatcher (http://localhost:41567/__cypress/runner/cypress_runner.js:167415:23)\n    at Promise._settlePromiseFromHandler (http://localhost:41567/__cypress/runner/cypress_runner.js:165351:31)\n    at Promise._settlePromise (http://localhost:41567/__cypress/runner/cypress_runner.js:165408:18)\n    at Promise._settlePromise0 (http://localhost:41567/__cypress/runner/cypress_runner.js:165453:10)\n    at Promise._settlePromises (http://localhost:41567/__cypress/runner/cypress_runner.js:165528:18)\n    at Async../node_modules/bluebird/js/release/async.js.Async._drainQueue (http://localhost:41567/__cypress/runner/cypress_runner.js:162140:16)\n    at Async../node_modules/bluebird/js/release/async.js.Async._drainQueues (http://localhost:41567/__cypress/runner/cypress_runner.js:162150:10)\n    at Async.drainQueues (http://localhost:41567/__cypress/runner/cypress_runner.js:162024:14)",
                "diff": null
              },
              "uuid": "0c01a838-45c7-4f49-a931-7d970c8ccbf6",
              "parentUUID": "0e661383-f23a-423a-99c8-ff08c287bf0c",
              "isHook": false,
              "skipped": false
            }
          ],
          "suites": [],
          "passes": [],
          "failures": [
            "c7881109-bcda-48b0-a828-dd6f4e968500",
            "df93e1bd-7688-4e55-a261-c557b38280b4",
            "0c01a838-45c7-4f49-a931-7d970c8ccbf6"
          ],
          "pending": [],
          "skipped": [],
          "duration": 12779,
          "root": false,
          "rootEmpty": false,
          "_timeout": 2000
        },
        {
          "uuid": "d7766285-2115-4f53-ae99-c13220454da2",
          "title": "12 - Faça com que as cores da paleta sejam geradas aleatoriamente ao carregar a página.",
          "fullFile": "",
          "file": "",
          "beforeHooks": [],
          "afterHooks": [],
          "tests": [
            {
              "title": "Verifica se as cores geradas na paleta são diferentes a cada carregamento da página",
              "fullTitle": "12 - Faça com que as cores da paleta sejam geradas aleatoriamente ao carregar a página. Verifica se as cores geradas na paleta são diferentes a cada carregamento da página",
              "timedOut": null,
              "duration": 388,
              "state": "failed",
              "speed": null,
              "pass": false,
              "fail": true,
              "pending": false,
              "context": null,
              "code": "cy.get('.color').then(function (colors) {\n  var currentColors;\n  var previousColors;\n  previousColors = Array.from(colors).map(function (color) {\n    return Cypress.$(color).css('background-color');\n  });\n  for (var i = 0; i < 5; i += 1) {\n    cy.reload();\n    cy.get('.color').then(function (colors) {\n      currentColors = Array.from(colors).map(function (color) {\n        return Cypress.$(color).css('background-color');\n      });\n      expect(currentColors).not.to.deep.equal(previousColors);\n      previousColors = currentColors;\n    });\n  }\n});",
              "err": {
                "message": "AssertionError: expected [ Array(4) ] to not deeply equal [ Array(4) ]",
                "estack": "AssertionError: expected [ Array(4) ] to not deeply equal [ Array(4) ]\n    at getRet (http://localhost:41567/__cypress/runner/cypress_runner.js:136585:16)\n    at tryCatcher (http://localhost:41567/__cypress/runner/cypress_runner.js:167415:23)\n    at Function.Promise.attempt.Promise.try (http://localhost:41567/__cypress/runner/cypress_runner.js:164690:29)\n    at Context.thenFn (http://localhost:41567/__cypress/runner/cypress_runner.js:136599:23)\n    at Context.then (http://localhost:41567/__cypress/runner/cypress_runner.js:136971:21)\n    at Context.<anonymous> (http://localhost:41567/__cypress/runner/cypress_runner.js:148875:21)\n    at http://localhost:41567/__cypress/runner/cypress_runner.js:148351:33\n    at tryCatcher (http://localhost:41567/__cypress/runner/cypress_runner.js:167415:23)\n    at Promise._settlePromiseFromHandler (http://localhost:41567/__cypress/runner/cypress_runner.js:165351:31)\n    at Promise._settlePromise (http://localhost:41567/__cypress/runner/cypress_runner.js:165408:18)\n    at Promise._settlePromiseCtx (http://localhost:41567/__cypress/runner/cypress_runner.js:165445:10)\n    at Async../node_modules/bluebird/js/release/async.js.Async._drainQueue (http://localhost:41567/__cypress/runner/cypress_runner.js:162145:12)\n    at Async../node_modules/bluebird/js/release/async.js.Async._drainQueues (http://localhost:41567/__cypress/runner/cypress_runner.js:162150:10)\n    at Async.drainQueues (http://localhost:41567/__cypress/runner/cypress_runner.js:162024:14)",
                "diff": ""
              },
              "uuid": "ff770fec-36c3-430a-81d2-b7a7f4c5f9bc",
              "parentUUID": "d7766285-2115-4f53-ae99-c13220454da2",
              "isHook": false,
              "skipped": false
            },
            {
              "title": "Verifica se a cor preta ainda está presente e é a primeira na sua paleta de cores",
              "fullTitle": "12 - Faça com que as cores da paleta sejam geradas aleatoriamente ao carregar a página. Verifica se a cor preta ainda está presente e é a primeira na sua paleta de cores",
              "timedOut": null,
              "duration": 380,
              "state": "failed",
              "speed": null,
              "pass": false,
              "fail": true,
              "pending": false,
              "context": null,
              "code": "cy.get('.color').then(function (colors) {\n  var currentColors;\n  var previousColors;\n  previousColors = Array.from(colors).map(function (color) {\n    return Cypress.$(color).css('background-color');\n  });\n  expect(previousColors[0]).to.eq(BLACK);\n  for (var i = 0; i < 5; i += 1) {\n    cy.reload();\n    cy.get('.color').then(function (colors) {\n      currentColors = Array.from(colors).map(function (color) {\n        return Cypress.$(color).css('background-color');\n      });\n      expect(currentColors[0]).to.eq(BLACK);\n      expect(currentColors).not.to.deep.equal(previousColors);\n      previousColors = currentColors;\n    });\n  }\n});",
              "err": {
                "message": "AssertionError: expected [ Array(4) ] to not deeply equal [ Array(4) ]",
                "estack": "AssertionError: expected [ Array(4) ] to not deeply equal [ Array(4) ]\n    at getRet (http://localhost:41567/__cypress/runner/cypress_runner.js:136585:16)\n    at tryCatcher (http://localhost:41567/__cypress/runner/cypress_runner.js:167415:23)\n    at Function.Promise.attempt.Promise.try (http://localhost:41567/__cypress/runner/cypress_runner.js:164690:29)\n    at Context.thenFn (http://localhost:41567/__cypress/runner/cypress_runner.js:136599:23)\n    at Context.then (http://localhost:41567/__cypress/runner/cypress_runner.js:136971:21)\n    at Context.<anonymous> (http://localhost:41567/__cypress/runner/cypress_runner.js:148875:21)\n    at http://localhost:41567/__cypress/runner/cypress_runner.js:148351:33\n    at tryCatcher (http://localhost:41567/__cypress/runner/cypress_runner.js:167415:23)\n    at Promise._settlePromiseFromHandler (http://localhost:41567/__cypress/runner/cypress_runner.js:165351:31)\n    at Promise._settlePromise (http://localhost:41567/__cypress/runner/cypress_runner.js:165408:18)\n    at Promise._settlePromiseCtx (http://localhost:41567/__cypress/runner/cypress_runner.js:165445:10)\n    at Async../node_modules/bluebird/js/release/async.js.Async._drainQueue (http://localhost:41567/__cypress/runner/cypress_runner.js:162145:12)\n    at Async../node_modules/bluebird/js/release/async.js.Async._drainQueues (http://localhost:41567/__cypress/runner/cypress_runner.js:162150:10)\n    at Async.drainQueues (http://localhost:41567/__cypress/runner/cypress_runner.js:162024:14)",
                "diff": ""
              },
              "uuid": "b9dba96a-a0ee-4a8c-a34f-7f498590d7fa",
              "parentUUID": "d7766285-2115-4f53-ae99-c13220454da2",
              "isHook": false,
              "skipped": false
            }
          ],
          "suites": [],
          "passes": [],
          "failures": [
            "ff770fec-36c3-430a-81d2-b7a7f4c5f9bc",
            "b9dba96a-a0ee-4a8c-a34f-7f498590d7fa"
          ],
          "pending": [],
          "skipped": [],
          "duration": 768,
          "root": false,
          "rootEmpty": false,
          "_timeout": 2000
        }
      ],
      "passes": [],
      "failures": [],
      "pending": [],
      "skipped": [],
      "duration": 0,
      "root": true,
      "rootEmpty": true,
      "_timeout": 2000
    }
  ],
  "meta": {
    "mocha": {
      "version": "7.0.1"
    },
    "mochawesome": {
      "options": {
        "quiet": false,
        "reportFilename": "mochawesome",
        "saveHtml": false,
        "saveJson": true,
        "consoleReporter": "spec",
        "useInlineDiffs": false
      },
      "version": "4.1.0"
    },
    "marge": {
      "options": {
        "id": "default",
        "reportDir": "cypress/reports",
        "overwrite": true,
        "html": false,
        "json": true
      },
      "version": "4.1.0"
    }
  }
}