{
  "stats": {
    "suites": 12,
    "tests": 41,
    "passes": 1,
    "pending": 0,
    "failures": 40,
    "start": "2022-02-15T17:48:54.910Z",
    "end": "2022-02-15T17:51:49.873Z",
    "duration": 174963,
    "testsRegistered": 41,
    "passPercent": 2.4390243902439024,
    "pendingPercent": 0,
    "other": 0,
    "hasOther": false,
    "skipped": 0,
    "hasSkipped": false
  },
  "results": [
    {
      "uuid": "359dcda4-0088-43ba-8ac3-225ed39b78d2",
      "title": "",
      "fullFile": "cypress/integration/project.spec.js",
      "file": "cypress/integration/project.spec.js",
      "beforeHooks": [],
      "afterHooks": [],
      "tests": [],
      "suites": [
        {
          "uuid": "861c877b-c533-4637-9191-b08217219a52",
          "title": "1 - Adicione à página o título \"Paleta de Cores\".",
          "fullFile": "",
          "file": "",
          "beforeHooks": [],
          "afterHooks": [],
          "tests": [
            {
              "title": "Verifica se contém um elemento `h1` com o id `title` com o título correto",
              "fullTitle": "1 - Adicione à página o título \"Paleta de Cores\". Verifica se contém um elemento `h1` com o id `title` com o título correto",
              "timedOut": null,
              "duration": 150,
              "state": "passed",
              "speed": "slow",
              "pass": true,
              "fail": false,
              "pending": false,
              "context": null,
              "code": "cy.get('h1#title').should('contain.text', 'Paleta de Cores');",
              "err": {},
              "uuid": "29cb4213-c4bd-49cd-99ca-8229388e617c",
              "parentUUID": "861c877b-c533-4637-9191-b08217219a52",
              "isHook": false,
              "skipped": false
            }
          ],
          "suites": [],
          "passes": [
            "29cb4213-c4bd-49cd-99ca-8229388e617c"
          ],
          "failures": [],
          "pending": [],
          "skipped": [],
          "duration": 150,
          "root": false,
          "rootEmpty": false,
          "_timeout": 2000
        },
        {
          "uuid": "0739ee8b-4c8a-4df6-a338-d16a34d9906c",
          "title": "2 - Adicione à página uma paleta de quatro cores distintas.",
          "fullFile": "",
          "file": "",
          "beforeHooks": [],
          "afterHooks": [],
          "tests": [
            {
              "title": "A paleta de cores deve ser um elemento com `id` denominado `color-palette` e ter mais de 0px de altura e de largura.",
              "fullTitle": "2 - Adicione à página uma paleta de quatro cores distintas. A paleta de cores deve ser um elemento com `id` denominado `color-palette` e ter mais de 0px de altura e de largura.",
              "timedOut": null,
              "duration": 4264,
              "state": "failed",
              "speed": null,
              "pass": false,
              "fail": true,
              "pending": false,
              "context": null,
              "code": "cy.get('#color-palette').should('be.visible');\ncy.get('#color-palette').children('.color');",
              "err": {
                "message": "CypressError: Timed out retrying: Expected to find element: '#color-palette', but never found it.",
                "estack": "CypressError: Timed out retrying: Expected to find element: '#color-palette', but never found it.\n    at cypressErr (http://localhost:41929/__cypress/runner/cypress_runner.js:149934:9)\n    at throwErr (http://localhost:41929/__cypress/runner/cypress_runner.js:149867:11)\n    at Object.throwErrByPath (http://localhost:41929/__cypress/runner/cypress_runner.js:149915:3)\n    at retry (http://localhost:41929/__cypress/runner/cypress_runner.js:144197:19)\n    at onFailFn (http://localhost:41929/__cypress/runner/cypress_runner.js:132448:16)\n    at tryCatcher (http://localhost:41929/__cypress/runner/cypress_runner.js:167415:23)\n    at Promise._settlePromiseFromHandler (http://localhost:41929/__cypress/runner/cypress_runner.js:165351:31)\n    at Promise._settlePromise (http://localhost:41929/__cypress/runner/cypress_runner.js:165408:18)\n    at Promise._settlePromise0 (http://localhost:41929/__cypress/runner/cypress_runner.js:165453:10)\n    at Promise._settlePromises (http://localhost:41929/__cypress/runner/cypress_runner.js:165528:18)\n    at Async../node_modules/bluebird/js/release/async.js.Async._drainQueue (http://localhost:41929/__cypress/runner/cypress_runner.js:162140:16)\n    at Async../node_modules/bluebird/js/release/async.js.Async._drainQueues (http://localhost:41929/__cypress/runner/cypress_runner.js:162150:10)\n    at Async.drainQueues (http://localhost:41929/__cypress/runner/cypress_runner.js:162024:14)",
                "diff": null
              },
              "uuid": "ef9b529e-e173-486c-b4fe-fb0322776569",
              "parentUUID": "0739ee8b-4c8a-4df6-a338-d16a34d9906c",
              "isHook": false,
              "skipped": false
            },
            {
              "title": "Verifica se cada cor individual da paleta de cores possui a `classe` chamada `color`.",
              "fullTitle": "2 - Adicione à página uma paleta de quatro cores distintas. Verifica se cada cor individual da paleta de cores possui a `classe` chamada `color`.",
              "timedOut": null,
              "duration": 4239,
              "state": "failed",
              "speed": null,
              "pass": false,
              "fail": true,
              "pending": false,
              "context": null,
              "code": "cy.get('.color').should('have.length', 4).then(function (colors) {\n  for (var i = 0; i < colors.length; i++) {\n    cy.wrap(colors[i]).should('be.visible');\n  }\n});",
              "err": {
                "message": "CypressError: Timed out retrying: Expected to find element: '.color', but never found it.",
                "estack": "CypressError: Timed out retrying: Expected to find element: '.color', but never found it.\n    at cypressErr (http://localhost:41929/__cypress/runner/cypress_runner.js:149934:9)\n    at throwErr (http://localhost:41929/__cypress/runner/cypress_runner.js:149867:11)\n    at Object.throwErrByPath (http://localhost:41929/__cypress/runner/cypress_runner.js:149915:3)\n    at retry (http://localhost:41929/__cypress/runner/cypress_runner.js:144197:19)\n    at onFailFn (http://localhost:41929/__cypress/runner/cypress_runner.js:132448:16)\n    at tryCatcher (http://localhost:41929/__cypress/runner/cypress_runner.js:167415:23)\n    at Promise._settlePromiseFromHandler (http://localhost:41929/__cypress/runner/cypress_runner.js:165351:31)\n    at Promise._settlePromise (http://localhost:41929/__cypress/runner/cypress_runner.js:165408:18)\n    at Promise._settlePromise0 (http://localhost:41929/__cypress/runner/cypress_runner.js:165453:10)\n    at Promise._settlePromises (http://localhost:41929/__cypress/runner/cypress_runner.js:165528:18)\n    at Async../node_modules/bluebird/js/release/async.js.Async._drainQueue (http://localhost:41929/__cypress/runner/cypress_runner.js:162140:16)\n    at Async../node_modules/bluebird/js/release/async.js.Async._drainQueues (http://localhost:41929/__cypress/runner/cypress_runner.js:162150:10)\n    at Async.drainQueues (http://localhost:41929/__cypress/runner/cypress_runner.js:162024:14)",
                "diff": null
              },
              "uuid": "814b3924-61b6-4591-acfa-501408803a35",
              "parentUUID": "0739ee8b-4c8a-4df6-a338-d16a34d9906c",
              "isHook": false,
              "skipped": false
            },
            {
              "title": "Verifica se a cor de fundo de cada elemento da paleta é a cor que o elemento representa. **A única cor não permitida na paleta é a cor branca.**",
              "fullTitle": "2 - Adicione à página uma paleta de quatro cores distintas. Verifica se a cor de fundo de cada elemento da paleta é a cor que o elemento representa. **A única cor não permitida na paleta é a cor branca.**",
              "timedOut": null,
              "duration": 4321,
              "state": "failed",
              "speed": null,
              "pass": false,
              "fail": true,
              "pending": false,
              "context": null,
              "code": "cy.get('.color').each(function (color) {\n  cy.wrap(color).should('have.class', 'color').and('not.have.css', 'background-color', WHITE);\n  cy.wrap(color).should('have.css', 'background-color');\n});",
              "err": {
                "message": "CypressError: Timed out retrying: Expected to find element: '.color', but never found it.",
                "estack": "CypressError: Timed out retrying: Expected to find element: '.color', but never found it.\n    at cypressErr (http://localhost:41929/__cypress/runner/cypress_runner.js:149934:9)\n    at throwErr (http://localhost:41929/__cypress/runner/cypress_runner.js:149867:11)\n    at Object.throwErrByPath (http://localhost:41929/__cypress/runner/cypress_runner.js:149915:3)\n    at retry (http://localhost:41929/__cypress/runner/cypress_runner.js:144197:19)\n    at onFailFn (http://localhost:41929/__cypress/runner/cypress_runner.js:132448:16)\n    at tryCatcher (http://localhost:41929/__cypress/runner/cypress_runner.js:167415:23)\n    at Promise._settlePromiseFromHandler (http://localhost:41929/__cypress/runner/cypress_runner.js:165351:31)\n    at Promise._settlePromise (http://localhost:41929/__cypress/runner/cypress_runner.js:165408:18)\n    at Promise._settlePromise0 (http://localhost:41929/__cypress/runner/cypress_runner.js:165453:10)\n    at Promise._settlePromises (http://localhost:41929/__cypress/runner/cypress_runner.js:165528:18)\n    at Async../node_modules/bluebird/js/release/async.js.Async._drainQueue (http://localhost:41929/__cypress/runner/cypress_runner.js:162140:16)\n    at Async../node_modules/bluebird/js/release/async.js.Async._drainQueues (http://localhost:41929/__cypress/runner/cypress_runner.js:162150:10)\n    at Async.drainQueues (http://localhost:41929/__cypress/runner/cypress_runner.js:162024:14)",
                "diff": null
              },
              "uuid": "81b48050-01bd-4369-a546-319cd12ca674",
              "parentUUID": "0739ee8b-4c8a-4df6-a338-d16a34d9906c",
              "isHook": false,
              "skipped": false
            },
            {
              "title": "Verifica se cada elemento da paleta de cores tem uma borda preta, sólida e com 1 pixel de largura;",
              "fullTitle": "2 - Adicione à página uma paleta de quatro cores distintas. Verifica se cada elemento da paleta de cores tem uma borda preta, sólida e com 1 pixel de largura;",
              "timedOut": null,
              "duration": 4360,
              "state": "failed",
              "speed": null,
              "pass": false,
              "fail": true,
              "pending": false,
              "context": null,
              "code": "cy.get('.color').each(function (color) {\n  cy.wrap(color).and('have.css', 'border', \"1px solid \".concat(BLACK)).and('have.class', 'color');\n});",
              "err": {
                "message": "CypressError: Timed out retrying: Expected to find element: '.color', but never found it.",
                "estack": "CypressError: Timed out retrying: Expected to find element: '.color', but never found it.\n    at cypressErr (http://localhost:41929/__cypress/runner/cypress_runner.js:149934:9)\n    at throwErr (http://localhost:41929/__cypress/runner/cypress_runner.js:149867:11)\n    at Object.throwErrByPath (http://localhost:41929/__cypress/runner/cypress_runner.js:149915:3)\n    at retry (http://localhost:41929/__cypress/runner/cypress_runner.js:144197:19)\n    at onFailFn (http://localhost:41929/__cypress/runner/cypress_runner.js:132448:16)\n    at tryCatcher (http://localhost:41929/__cypress/runner/cypress_runner.js:167415:23)\n    at Promise._settlePromiseFromHandler (http://localhost:41929/__cypress/runner/cypress_runner.js:165351:31)\n    at Promise._settlePromise (http://localhost:41929/__cypress/runner/cypress_runner.js:165408:18)\n    at Promise._settlePromise0 (http://localhost:41929/__cypress/runner/cypress_runner.js:165453:10)\n    at Promise._settlePromises (http://localhost:41929/__cypress/runner/cypress_runner.js:165528:18)\n    at Async../node_modules/bluebird/js/release/async.js.Async._drainQueue (http://localhost:41929/__cypress/runner/cypress_runner.js:162140:16)\n    at Async../node_modules/bluebird/js/release/async.js.Async._drainQueues (http://localhost:41929/__cypress/runner/cypress_runner.js:162150:10)\n    at Async.drainQueues (http://localhost:41929/__cypress/runner/cypress_runner.js:162024:14)",
                "diff": null
              },
              "uuid": "9d121389-4eec-4241-b8b8-6670a9d8435b",
              "parentUUID": "0739ee8b-4c8a-4df6-a338-d16a34d9906c",
              "isHook": false,
              "skipped": false
            },
            {
              "title": "Verifica se a paleta lista todas as cores disponíveis para utilização, lado a lado.",
              "fullTitle": "2 - Adicione à página uma paleta de quatro cores distintas. Verifica se a paleta lista todas as cores disponíveis para utilização, lado a lado.",
              "timedOut": null,
              "duration": 4281,
              "state": "failed",
              "speed": null,
              "pass": false,
              "fail": true,
              "pending": false,
              "context": null,
              "code": "cy.get('.color').then(function (colors) {\n  for (var index = 1; index < colors.length; index += 1) {\n    var currentColor = colors[index];\n    var previousColor = colors[index - 1];\n    cy.wrap(currentColor).should('be.onTheRightOf', previousColor).and('be.horizontallyAlignedWith', previousColor);\n  }\n});",
              "err": {
                "message": "CypressError: Timed out retrying: Expected to find element: '.color', but never found it.",
                "estack": "CypressError: Timed out retrying: Expected to find element: '.color', but never found it.\n    at cypressErr (http://localhost:41929/__cypress/runner/cypress_runner.js:149934:9)\n    at throwErr (http://localhost:41929/__cypress/runner/cypress_runner.js:149867:11)\n    at Object.throwErrByPath (http://localhost:41929/__cypress/runner/cypress_runner.js:149915:3)\n    at retry (http://localhost:41929/__cypress/runner/cypress_runner.js:144197:19)\n    at onFailFn (http://localhost:41929/__cypress/runner/cypress_runner.js:132448:16)\n    at tryCatcher (http://localhost:41929/__cypress/runner/cypress_runner.js:167415:23)\n    at Promise._settlePromiseFromHandler (http://localhost:41929/__cypress/runner/cypress_runner.js:165351:31)\n    at Promise._settlePromise (http://localhost:41929/__cypress/runner/cypress_runner.js:165408:18)\n    at Promise._settlePromise0 (http://localhost:41929/__cypress/runner/cypress_runner.js:165453:10)\n    at Promise._settlePromises (http://localhost:41929/__cypress/runner/cypress_runner.js:165528:18)\n    at Async../node_modules/bluebird/js/release/async.js.Async._drainQueue (http://localhost:41929/__cypress/runner/cypress_runner.js:162140:16)\n    at Async../node_modules/bluebird/js/release/async.js.Async._drainQueues (http://localhost:41929/__cypress/runner/cypress_runner.js:162150:10)\n    at Async.drainQueues (http://localhost:41929/__cypress/runner/cypress_runner.js:162024:14)",
                "diff": null
              },
              "uuid": "edd619e4-26ac-4262-a697-1227c9f6bfc8",
              "parentUUID": "0739ee8b-4c8a-4df6-a338-d16a34d9906c",
              "isHook": false,
              "skipped": false
            },
            {
              "title": "Verifica se a paleta de cores está posicionada abaixo do título 'Paleta de Cores'",
              "fullTitle": "2 - Adicione à página uma paleta de quatro cores distintas. Verifica se a paleta de cores está posicionada abaixo do título 'Paleta de Cores'",
              "timedOut": null,
              "duration": 4336,
              "state": "failed",
              "speed": null,
              "pass": false,
              "fail": true,
              "pending": false,
              "context": null,
              "code": "cy.get('h1#title').then(function (title) {\n  cy.get('#color-palette').should('be.belowOf', title);\n});",
              "err": {
                "message": "CypressError: Timed out retrying: Expected to find element: '#color-palette', but never found it.",
                "estack": "CypressError: Timed out retrying: Expected to find element: '#color-palette', but never found it.\n    at cypressErr (http://localhost:41929/__cypress/runner/cypress_runner.js:149934:9)\n    at throwErr (http://localhost:41929/__cypress/runner/cypress_runner.js:149867:11)\n    at Object.throwErrByPath (http://localhost:41929/__cypress/runner/cypress_runner.js:149915:3)\n    at retry (http://localhost:41929/__cypress/runner/cypress_runner.js:144197:19)\n    at onFailFn (http://localhost:41929/__cypress/runner/cypress_runner.js:132448:16)\n    at tryCatcher (http://localhost:41929/__cypress/runner/cypress_runner.js:167415:23)\n    at Promise._settlePromiseFromHandler (http://localhost:41929/__cypress/runner/cypress_runner.js:165351:31)\n    at Promise._settlePromise (http://localhost:41929/__cypress/runner/cypress_runner.js:165408:18)\n    at Promise._settlePromise0 (http://localhost:41929/__cypress/runner/cypress_runner.js:165453:10)\n    at Promise._settlePromises (http://localhost:41929/__cypress/runner/cypress_runner.js:165528:18)\n    at Async../node_modules/bluebird/js/release/async.js.Async._drainQueue (http://localhost:41929/__cypress/runner/cypress_runner.js:162140:16)\n    at Async../node_modules/bluebird/js/release/async.js.Async._drainQueues (http://localhost:41929/__cypress/runner/cypress_runner.js:162150:10)\n    at Async.drainQueues (http://localhost:41929/__cypress/runner/cypress_runner.js:162024:14)",
                "diff": null
              },
              "uuid": "4ca06f02-2c40-4426-b3fb-68fe153658c2",
              "parentUUID": "0739ee8b-4c8a-4df6-a338-d16a34d9906c",
              "isHook": false,
              "skipped": false
            },
            {
              "title": "Verifica se a paleta de cores não contém cores repetidas.",
              "fullTitle": "2 - Adicione à página uma paleta de quatro cores distintas. Verifica se a paleta de cores não contém cores repetidas.",
              "timedOut": null,
              "duration": 4281,
              "state": "failed",
              "speed": null,
              "pass": false,
              "fail": true,
              "pending": false,
              "context": null,
              "code": "cy.get('.color').then(function (colors) {\n  var allColors = Array.from(colors).map(function (color) {\n    return Cypress.$(color).css('background-color');\n  });\n  cy.log(allColors);\n  var uniqColors = (0, _toConsumableArray2[\"default\"])(new Set(allColors));\n  cy.log(uniqColors);\n  expect(allColors.length).to.eq(uniqColors.length);\n});",
              "err": {
                "message": "CypressError: Timed out retrying: Expected to find element: '.color', but never found it.",
                "estack": "CypressError: Timed out retrying: Expected to find element: '.color', but never found it.\n    at cypressErr (http://localhost:41929/__cypress/runner/cypress_runner.js:149934:9)\n    at throwErr (http://localhost:41929/__cypress/runner/cypress_runner.js:149867:11)\n    at Object.throwErrByPath (http://localhost:41929/__cypress/runner/cypress_runner.js:149915:3)\n    at retry (http://localhost:41929/__cypress/runner/cypress_runner.js:144197:19)\n    at onFailFn (http://localhost:41929/__cypress/runner/cypress_runner.js:132448:16)\n    at tryCatcher (http://localhost:41929/__cypress/runner/cypress_runner.js:167415:23)\n    at Promise._settlePromiseFromHandler (http://localhost:41929/__cypress/runner/cypress_runner.js:165351:31)\n    at Promise._settlePromise (http://localhost:41929/__cypress/runner/cypress_runner.js:165408:18)\n    at Promise._settlePromise0 (http://localhost:41929/__cypress/runner/cypress_runner.js:165453:10)\n    at Promise._settlePromises (http://localhost:41929/__cypress/runner/cypress_runner.js:165528:18)\n    at Async../node_modules/bluebird/js/release/async.js.Async._drainQueue (http://localhost:41929/__cypress/runner/cypress_runner.js:162140:16)\n    at Async../node_modules/bluebird/js/release/async.js.Async._drainQueues (http://localhost:41929/__cypress/runner/cypress_runner.js:162150:10)\n    at Async.drainQueues (http://localhost:41929/__cypress/runner/cypress_runner.js:162024:14)",
                "diff": null
              },
              "uuid": "fd81ad21-dd7e-43aa-a18a-d28a485ab818",
              "parentUUID": "0739ee8b-4c8a-4df6-a338-d16a34d9906c",
              "isHook": false,
              "skipped": false
            }
          ],
          "suites": [],
          "passes": [],
          "failures": [
            "ef9b529e-e173-486c-b4fe-fb0322776569",
            "814b3924-61b6-4591-acfa-501408803a35",
            "81b48050-01bd-4369-a546-319cd12ca674",
            "9d121389-4eec-4241-b8b8-6670a9d8435b",
            "edd619e4-26ac-4262-a697-1227c9f6bfc8",
            "4ca06f02-2c40-4426-b3fb-68fe153658c2",
            "fd81ad21-dd7e-43aa-a18a-d28a485ab818"
          ],
          "pending": [],
          "skipped": [],
          "duration": 30082,
          "root": false,
          "rootEmpty": false,
          "_timeout": 2000
        },
        {
          "uuid": "9563e580-cd62-4d71-8cf2-5a1e31c8a8c6",
          "title": "3 - Adicione a cor **preta** como a primeira cor da paleta de cores.",
          "fullFile": "",
          "file": "",
          "beforeHooks": [],
          "afterHooks": [],
          "tests": [
            {
              "title": "Verifica se a primeira cor da paleta é preta",
              "fullTitle": "3 - Adicione a cor **preta** como a primeira cor da paleta de cores. Verifica se a primeira cor da paleta é preta",
              "timedOut": null,
              "duration": 4296,
              "state": "failed",
              "speed": null,
              "pass": false,
              "fail": true,
              "pending": false,
              "context": null,
              "code": "cy.get('.color').first().should('have.css', 'background-color', BLACK);",
              "err": {
                "message": "CypressError: Timed out retrying: Expected to find element: '.color', but never found it.",
                "estack": "CypressError: Timed out retrying: Expected to find element: '.color', but never found it.\n    at cypressErr (http://localhost:41929/__cypress/runner/cypress_runner.js:149934:9)\n    at throwErr (http://localhost:41929/__cypress/runner/cypress_runner.js:149867:11)\n    at Object.throwErrByPath (http://localhost:41929/__cypress/runner/cypress_runner.js:149915:3)\n    at retry (http://localhost:41929/__cypress/runner/cypress_runner.js:144197:19)\n    at onFailFn (http://localhost:41929/__cypress/runner/cypress_runner.js:132448:16)\n    at tryCatcher (http://localhost:41929/__cypress/runner/cypress_runner.js:167415:23)\n    at Promise._settlePromiseFromHandler (http://localhost:41929/__cypress/runner/cypress_runner.js:165351:31)\n    at Promise._settlePromise (http://localhost:41929/__cypress/runner/cypress_runner.js:165408:18)\n    at Promise._settlePromise0 (http://localhost:41929/__cypress/runner/cypress_runner.js:165453:10)\n    at Promise._settlePromises (http://localhost:41929/__cypress/runner/cypress_runner.js:165528:18)\n    at Async../node_modules/bluebird/js/release/async.js.Async._drainQueue (http://localhost:41929/__cypress/runner/cypress_runner.js:162140:16)\n    at Async../node_modules/bluebird/js/release/async.js.Async._drainQueues (http://localhost:41929/__cypress/runner/cypress_runner.js:162150:10)\n    at Async.drainQueues (http://localhost:41929/__cypress/runner/cypress_runner.js:162024:14)",
                "diff": null
              },
              "uuid": "e21cbd92-7fd4-4558-a776-c5359b8d74a4",
              "parentUUID": "9563e580-cd62-4d71-8cf2-5a1e31c8a8c6",
              "isHook": false,
              "skipped": false
            },
            {
              "title": "Verifica se as demais cores podem ser escolhidas livremente.",
              "fullTitle": "3 - Adicione a cor **preta** como a primeira cor da paleta de cores. Verifica se as demais cores podem ser escolhidas livremente.",
              "timedOut": null,
              "duration": 4312,
              "state": "failed",
              "speed": null,
              "pass": false,
              "fail": true,
              "pending": false,
              "context": null,
              "code": "cy.get('.color').eq(1).should('not.have.css', 'background-color', BLACK);\ncy.get('.color').eq(1).should('not.have.css', 'background-color', WHITE);\ncy.get('.color').eq(1).should('not.have.css', 'background-color', 'rgba(0, 0, 0, 0)');\ncy.get('.color').eq(1).should('have.css', 'background-color');\ncy.get('.color').eq(2).should('not.have.css', 'background-color', BLACK);\ncy.get('.color').eq(2).should('not.have.css', 'background-color', WHITE);\ncy.get('.color').eq(2).should('not.have.css', 'background-color', 'rgba(0, 0, 0, 0)');\ncy.get('.color').eq(2).should('have.css', 'background-color');\ncy.get('.color').eq(3).should('not.have.css', 'background-color', BLACK);\ncy.get('.color').eq(3).should('not.have.css', 'background-color', WHITE);\ncy.get('.color').eq(3).should('not.have.css', 'background-color', 'rgba(0, 0, 0, 0)');\ncy.get('.color').eq(3).should('have.css', 'background-color');",
              "err": {
                "message": "CypressError: Timed out retrying: Expected to find element: '.color', but never found it.",
                "estack": "CypressError: Timed out retrying: Expected to find element: '.color', but never found it.\n    at cypressErr (http://localhost:41929/__cypress/runner/cypress_runner.js:149934:9)\n    at throwErr (http://localhost:41929/__cypress/runner/cypress_runner.js:149867:11)\n    at Object.throwErrByPath (http://localhost:41929/__cypress/runner/cypress_runner.js:149915:3)\n    at retry (http://localhost:41929/__cypress/runner/cypress_runner.js:144197:19)\n    at onFailFn (http://localhost:41929/__cypress/runner/cypress_runner.js:132448:16)\n    at tryCatcher (http://localhost:41929/__cypress/runner/cypress_runner.js:167415:23)\n    at Promise._settlePromiseFromHandler (http://localhost:41929/__cypress/runner/cypress_runner.js:165351:31)\n    at Promise._settlePromise (http://localhost:41929/__cypress/runner/cypress_runner.js:165408:18)\n    at Promise._settlePromise0 (http://localhost:41929/__cypress/runner/cypress_runner.js:165453:10)\n    at Promise._settlePromises (http://localhost:41929/__cypress/runner/cypress_runner.js:165528:18)\n    at Async../node_modules/bluebird/js/release/async.js.Async._drainQueue (http://localhost:41929/__cypress/runner/cypress_runner.js:162140:16)\n    at Async../node_modules/bluebird/js/release/async.js.Async._drainQueues (http://localhost:41929/__cypress/runner/cypress_runner.js:162150:10)\n    at Async.drainQueues (http://localhost:41929/__cypress/runner/cypress_runner.js:162024:14)",
                "diff": null
              },
              "uuid": "288e8c14-1800-498e-be30-c32d9a14d019",
              "parentUUID": "9563e580-cd62-4d71-8cf2-5a1e31c8a8c6",
              "isHook": false,
              "skipped": false
            }
          ],
          "suites": [],
          "passes": [],
          "failures": [
            "e21cbd92-7fd4-4558-a776-c5359b8d74a4",
            "288e8c14-1800-498e-be30-c32d9a14d019"
          ],
          "pending": [],
          "skipped": [],
          "duration": 8608,
          "root": false,
          "rootEmpty": false,
          "_timeout": 2000
        },
        {
          "uuid": "ab27c4ba-760e-484e-92f0-d67bdfa15b77",
          "title": "4 - Adicione à página um quadro de pixels, com 25 pixels.",
          "fullFile": "",
          "file": "",
          "beforeHooks": [],
          "afterHooks": [],
          "tests": [
            {
              "title": "Verifica se o quadro de pixels possui o `id` denominado `pixel-board`",
              "fullTitle": "4 - Adicione à página um quadro de pixels, com 25 pixels. Verifica se o quadro de pixels possui o `id` denominado `pixel-board`",
              "timedOut": null,
              "duration": 4325,
              "state": "failed",
              "speed": null,
              "pass": false,
              "fail": true,
              "pending": false,
              "context": null,
              "code": "cy.get('#pixel-board').should('be.visible');",
              "err": {
                "message": "CypressError: Timed out retrying: Expected to find element: '#pixel-board', but never found it.",
                "estack": "CypressError: Timed out retrying: Expected to find element: '#pixel-board', but never found it.\n    at cypressErr (http://localhost:41929/__cypress/runner/cypress_runner.js:149934:9)\n    at throwErr (http://localhost:41929/__cypress/runner/cypress_runner.js:149867:11)\n    at Object.throwErrByPath (http://localhost:41929/__cypress/runner/cypress_runner.js:149915:3)\n    at retry (http://localhost:41929/__cypress/runner/cypress_runner.js:144197:19)\n    at onFailFn (http://localhost:41929/__cypress/runner/cypress_runner.js:132448:16)\n    at tryCatcher (http://localhost:41929/__cypress/runner/cypress_runner.js:167415:23)\n    at Promise._settlePromiseFromHandler (http://localhost:41929/__cypress/runner/cypress_runner.js:165351:31)\n    at Promise._settlePromise (http://localhost:41929/__cypress/runner/cypress_runner.js:165408:18)\n    at Promise._settlePromise0 (http://localhost:41929/__cypress/runner/cypress_runner.js:165453:10)\n    at Promise._settlePromises (http://localhost:41929/__cypress/runner/cypress_runner.js:165528:18)\n    at Async../node_modules/bluebird/js/release/async.js.Async._drainQueue (http://localhost:41929/__cypress/runner/cypress_runner.js:162140:16)\n    at Async../node_modules/bluebird/js/release/async.js.Async._drainQueues (http://localhost:41929/__cypress/runner/cypress_runner.js:162150:10)\n    at Async.drainQueues (http://localhost:41929/__cypress/runner/cypress_runner.js:162024:14)",
                "diff": null
              },
              "uuid": "774bd4ae-a69d-4bca-8dc3-317e011b6a12",
              "parentUUID": "ab27c4ba-760e-484e-92f0-d67bdfa15b77",
              "isHook": false,
              "skipped": false
            },
            {
              "title": "Verifica se cada pixel individual dentro do quadro possui a `classe` denominada `pixel`.",
              "fullTitle": "4 - Adicione à página um quadro de pixels, com 25 pixels. Verifica se cada pixel individual dentro do quadro possui a `classe` denominada `pixel`.",
              "timedOut": null,
              "duration": 4335,
              "state": "failed",
              "speed": null,
              "pass": false,
              "fail": true,
              "pending": false,
              "context": null,
              "code": "cy.get('.pixel').should('have.length', 25);",
              "err": {
                "message": "CypressError: Timed out retrying: Expected to find element: '.pixel', but never found it.",
                "estack": "CypressError: Timed out retrying: Expected to find element: '.pixel', but never found it.\n    at cypressErr (http://localhost:41929/__cypress/runner/cypress_runner.js:149934:9)\n    at throwErr (http://localhost:41929/__cypress/runner/cypress_runner.js:149867:11)\n    at Object.throwErrByPath (http://localhost:41929/__cypress/runner/cypress_runner.js:149915:3)\n    at retry (http://localhost:41929/__cypress/runner/cypress_runner.js:144197:19)\n    at onFailFn (http://localhost:41929/__cypress/runner/cypress_runner.js:132448:16)\n    at tryCatcher (http://localhost:41929/__cypress/runner/cypress_runner.js:167415:23)\n    at Promise._settlePromiseFromHandler (http://localhost:41929/__cypress/runner/cypress_runner.js:165351:31)\n    at Promise._settlePromise (http://localhost:41929/__cypress/runner/cypress_runner.js:165408:18)\n    at Promise._settlePromise0 (http://localhost:41929/__cypress/runner/cypress_runner.js:165453:10)\n    at Promise._settlePromises (http://localhost:41929/__cypress/runner/cypress_runner.js:165528:18)\n    at Async../node_modules/bluebird/js/release/async.js.Async._drainQueue (http://localhost:41929/__cypress/runner/cypress_runner.js:162140:16)\n    at Async../node_modules/bluebird/js/release/async.js.Async._drainQueues (http://localhost:41929/__cypress/runner/cypress_runner.js:162150:10)\n    at Async.drainQueues (http://localhost:41929/__cypress/runner/cypress_runner.js:162024:14)",
                "diff": null
              },
              "uuid": "5a1542ef-4412-40a1-a6cd-3e4ef3d14d49",
              "parentUUID": "ab27c4ba-760e-484e-92f0-d67bdfa15b77",
              "isHook": false,
              "skipped": false
            },
            {
              "title": "Verifica se a cor inicial dos pixels dentro do quadro, ao abrir a página, é branca.",
              "fullTitle": "4 - Adicione à página um quadro de pixels, com 25 pixels. Verifica se a cor inicial dos pixels dentro do quadro, ao abrir a página, é branca.",
              "timedOut": null,
              "duration": 4286,
              "state": "failed",
              "speed": null,
              "pass": false,
              "fail": true,
              "pending": false,
              "context": null,
              "code": "cy.get('.pixel').should('have.length', 25).each(function (pixel) {\n  expect(pixel).to.have.css('background-color', WHITE);\n});",
              "err": {
                "message": "CypressError: Timed out retrying: Expected to find element: '.pixel', but never found it.",
                "estack": "CypressError: Timed out retrying: Expected to find element: '.pixel', but never found it.\n    at cypressErr (http://localhost:41929/__cypress/runner/cypress_runner.js:149934:9)\n    at throwErr (http://localhost:41929/__cypress/runner/cypress_runner.js:149867:11)\n    at Object.throwErrByPath (http://localhost:41929/__cypress/runner/cypress_runner.js:149915:3)\n    at retry (http://localhost:41929/__cypress/runner/cypress_runner.js:144197:19)\n    at onFailFn (http://localhost:41929/__cypress/runner/cypress_runner.js:132448:16)\n    at tryCatcher (http://localhost:41929/__cypress/runner/cypress_runner.js:167415:23)\n    at Promise._settlePromiseFromHandler (http://localhost:41929/__cypress/runner/cypress_runner.js:165351:31)\n    at Promise._settlePromise (http://localhost:41929/__cypress/runner/cypress_runner.js:165408:18)\n    at Promise._settlePromise0 (http://localhost:41929/__cypress/runner/cypress_runner.js:165453:10)\n    at Promise._settlePromises (http://localhost:41929/__cypress/runner/cypress_runner.js:165528:18)\n    at Async../node_modules/bluebird/js/release/async.js.Async._drainQueue (http://localhost:41929/__cypress/runner/cypress_runner.js:162140:16)\n    at Async../node_modules/bluebird/js/release/async.js.Async._drainQueues (http://localhost:41929/__cypress/runner/cypress_runner.js:162150:10)\n    at Async.drainQueues (http://localhost:41929/__cypress/runner/cypress_runner.js:162024:14)",
                "diff": null
              },
              "uuid": "f4ca5339-352e-46de-8e94-f4a000544287",
              "parentUUID": "ab27c4ba-760e-484e-92f0-d67bdfa15b77",
              "isHook": false,
              "skipped": false
            },
            {
              "title": "Verifica se o quadro de pixels aparece abaixo da paleta de cores",
              "fullTitle": "4 - Adicione à página um quadro de pixels, com 25 pixels. Verifica se o quadro de pixels aparece abaixo da paleta de cores",
              "timedOut": null,
              "duration": 4348,
              "state": "failed",
              "speed": null,
              "pass": false,
              "fail": true,
              "pending": false,
              "context": null,
              "code": "cy.get('#color-palette').then(function (palette) {\n  cy.get('#pixel-board').should('be.belowOf', palette);\n});",
              "err": {
                "message": "CypressError: Timed out retrying: Expected to find element: '#color-palette', but never found it.",
                "estack": "CypressError: Timed out retrying: Expected to find element: '#color-palette', but never found it.\n    at cypressErr (http://localhost:41929/__cypress/runner/cypress_runner.js:149934:9)\n    at throwErr (http://localhost:41929/__cypress/runner/cypress_runner.js:149867:11)\n    at Object.throwErrByPath (http://localhost:41929/__cypress/runner/cypress_runner.js:149915:3)\n    at retry (http://localhost:41929/__cypress/runner/cypress_runner.js:144197:19)\n    at onFailFn (http://localhost:41929/__cypress/runner/cypress_runner.js:132448:16)\n    at tryCatcher (http://localhost:41929/__cypress/runner/cypress_runner.js:167415:23)\n    at Promise._settlePromiseFromHandler (http://localhost:41929/__cypress/runner/cypress_runner.js:165351:31)\n    at Promise._settlePromise (http://localhost:41929/__cypress/runner/cypress_runner.js:165408:18)\n    at Promise._settlePromise0 (http://localhost:41929/__cypress/runner/cypress_runner.js:165453:10)\n    at Promise._settlePromises (http://localhost:41929/__cypress/runner/cypress_runner.js:165528:18)\n    at Async../node_modules/bluebird/js/release/async.js.Async._drainQueue (http://localhost:41929/__cypress/runner/cypress_runner.js:162140:16)\n    at Async../node_modules/bluebird/js/release/async.js.Async._drainQueues (http://localhost:41929/__cypress/runner/cypress_runner.js:162150:10)\n    at Async.drainQueues (http://localhost:41929/__cypress/runner/cypress_runner.js:162024:14)",
                "diff": null
              },
              "uuid": "d340f2b7-8568-4e37-a220-3f56ebbadd7b",
              "parentUUID": "ab27c4ba-760e-484e-92f0-d67bdfa15b77",
              "isHook": false,
              "skipped": false
            }
          ],
          "suites": [],
          "passes": [],
          "failures": [
            "774bd4ae-a69d-4bca-8dc3-317e011b6a12",
            "5a1542ef-4412-40a1-a6cd-3e4ef3d14d49",
            "f4ca5339-352e-46de-8e94-f4a000544287",
            "d340f2b7-8568-4e37-a220-3f56ebbadd7b"
          ],
          "pending": [],
          "skipped": [],
          "duration": 17294,
          "root": false,
          "rootEmpty": false,
          "_timeout": 2000
        },
        {
          "uuid": "62bc1bed-87b5-4a9d-a2e7-57761a2ce0ec",
          "title": "5 - Faça com que cada elemento do quadro de pixels possua 40 pixels de largura, 40 pixels de altura e seja delimitado por uma borda preta de 1 pixel.",
          "fullFile": "",
          "file": "",
          "beforeHooks": [],
          "afterHooks": [],
          "tests": [
            {
              "title": "Verifica se o quadro de pixels tem altura e comprimento de 5 elementos",
              "fullTitle": "5 - Faça com que cada elemento do quadro de pixels possua 40 pixels de largura, 40 pixels de altura e seja delimitado por uma borda preta de 1 pixel. Verifica se o quadro de pixels tem altura e comprimento de 5 elementos",
              "timedOut": null,
              "duration": 4407,
              "state": "failed",
              "speed": null,
              "pass": false,
              "fail": true,
              "pending": false,
              "context": null,
              "code": "cy.get('.pixel').should('have.length', 25).each(function (pixel) {\n  expect(pixel).to.have.css('background-color', WHITE);\n}).and(function (pixels) {\n  var rows = chunk(pixels, 5);\n  rows.forEach(function (row) {\n    for (var index = 1; index < row.length; index += 1) {\n      var current = pixels[index];\n      var previous = pixels[index - 1];\n      cy.wrap(current).should('be.onTheRightOf', previous).and('be.horizontallyAlignedWith', previous);\n    }\n  });\n  for (var index = 1; index < 5; index += 1) {\n    expect(pixels[index * 5]).to.be.belowOf(pixels[(index - 1) * 5]);\n  }\n});",
              "err": {
                "message": "CypressError: Timed out retrying: Expected to find element: '.pixel', but never found it.",
                "estack": "CypressError: Timed out retrying: Expected to find element: '.pixel', but never found it.\n    at cypressErr (http://localhost:41929/__cypress/runner/cypress_runner.js:149934:9)\n    at throwErr (http://localhost:41929/__cypress/runner/cypress_runner.js:149867:11)\n    at Object.throwErrByPath (http://localhost:41929/__cypress/runner/cypress_runner.js:149915:3)\n    at retry (http://localhost:41929/__cypress/runner/cypress_runner.js:144197:19)\n    at onFailFn (http://localhost:41929/__cypress/runner/cypress_runner.js:132448:16)\n    at tryCatcher (http://localhost:41929/__cypress/runner/cypress_runner.js:167415:23)\n    at Promise._settlePromiseFromHandler (http://localhost:41929/__cypress/runner/cypress_runner.js:165351:31)\n    at Promise._settlePromise (http://localhost:41929/__cypress/runner/cypress_runner.js:165408:18)\n    at Promise._settlePromise0 (http://localhost:41929/__cypress/runner/cypress_runner.js:165453:10)\n    at Promise._settlePromises (http://localhost:41929/__cypress/runner/cypress_runner.js:165528:18)\n    at Async../node_modules/bluebird/js/release/async.js.Async._drainQueue (http://localhost:41929/__cypress/runner/cypress_runner.js:162140:16)\n    at Async../node_modules/bluebird/js/release/async.js.Async._drainQueues (http://localhost:41929/__cypress/runner/cypress_runner.js:162150:10)\n    at Async.drainQueues (http://localhost:41929/__cypress/runner/cypress_runner.js:162024:14)",
                "diff": null
              },
              "uuid": "8b3c1b86-83b2-421a-acfa-29e7ce05778b",
              "parentUUID": "62bc1bed-87b5-4a9d-a2e7-57761a2ce0ec",
              "isHook": false,
              "skipped": false
            },
            {
              "title": "Verifica se 40 pixels é o tamanho total do elemento, incluindo seu conteúdo e excluindo a borda preta, que deve ser criada à parte.",
              "fullTitle": "5 - Faça com que cada elemento do quadro de pixels possua 40 pixels de largura, 40 pixels de altura e seja delimitado por uma borda preta de 1 pixel. Verifica se 40 pixels é o tamanho total do elemento, incluindo seu conteúdo e excluindo a borda preta, que deve ser criada à parte.",
              "timedOut": null,
              "duration": 4364,
              "state": "failed",
              "speed": null,
              "pass": false,
              "fail": true,
              "pending": false,
              "context": null,
              "code": "cy.get('.pixel').each(function (pixel) {\n  cy.wrap(pixel).should('have.css', 'height', '40px').and('have.css', 'width', '40px').and('have.css', 'border', \"1px solid \".concat(BLACK));\n});",
              "err": {
                "message": "CypressError: Timed out retrying: Expected to find element: '.pixel', but never found it.",
                "estack": "CypressError: Timed out retrying: Expected to find element: '.pixel', but never found it.\n    at cypressErr (http://localhost:41929/__cypress/runner/cypress_runner.js:149934:9)\n    at throwErr (http://localhost:41929/__cypress/runner/cypress_runner.js:149867:11)\n    at Object.throwErrByPath (http://localhost:41929/__cypress/runner/cypress_runner.js:149915:3)\n    at retry (http://localhost:41929/__cypress/runner/cypress_runner.js:144197:19)\n    at onFailFn (http://localhost:41929/__cypress/runner/cypress_runner.js:132448:16)\n    at tryCatcher (http://localhost:41929/__cypress/runner/cypress_runner.js:167415:23)\n    at Promise._settlePromiseFromHandler (http://localhost:41929/__cypress/runner/cypress_runner.js:165351:31)\n    at Promise._settlePromise (http://localhost:41929/__cypress/runner/cypress_runner.js:165408:18)\n    at Promise._settlePromise0 (http://localhost:41929/__cypress/runner/cypress_runner.js:165453:10)\n    at Promise._settlePromises (http://localhost:41929/__cypress/runner/cypress_runner.js:165528:18)\n    at Async../node_modules/bluebird/js/release/async.js.Async._drainQueue (http://localhost:41929/__cypress/runner/cypress_runner.js:162140:16)\n    at Async../node_modules/bluebird/js/release/async.js.Async._drainQueues (http://localhost:41929/__cypress/runner/cypress_runner.js:162150:10)\n    at Async.drainQueues (http://localhost:41929/__cypress/runner/cypress_runner.js:162024:14)",
                "diff": null
              },
              "uuid": "18567050-a190-44fa-a44f-88e5786820ca",
              "parentUUID": "62bc1bed-87b5-4a9d-a2e7-57761a2ce0ec",
              "isHook": false,
              "skipped": false
            }
          ],
          "suites": [],
          "passes": [],
          "failures": [
            "8b3c1b86-83b2-421a-acfa-29e7ce05778b",
            "18567050-a190-44fa-a44f-88e5786820ca"
          ],
          "pending": [],
          "skipped": [],
          "duration": 8771,
          "root": false,
          "rootEmpty": false,
          "_timeout": 2000
        },
        {
          "uuid": "25229279-694c-4ec4-89a7-5572dca6d2b8",
          "title": "6 - Defina a cor preta como cor inicial. Ao carregar a página a cor preta já deve estar selecionada para pintar os pixels",
          "fullFile": "",
          "file": "",
          "beforeHooks": [],
          "afterHooks": [],
          "tests": [
            {
              "title": "Verifica se o elemento da cor preta possui, inicialmente, a `classe` `selected`",
              "fullTitle": "6 - Defina a cor preta como cor inicial. Ao carregar a página a cor preta já deve estar selecionada para pintar os pixels Verifica se o elemento da cor preta possui, inicialmente, a `classe` `selected`",
              "timedOut": null,
              "duration": 4329,
              "state": "failed",
              "speed": null,
              "pass": false,
              "fail": true,
              "pending": false,
              "context": null,
              "code": "cy.get('.selected').first().should('have.css', 'background-color', BLACK);",
              "err": {
                "message": "CypressError: Timed out retrying: Expected to find element: '.selected', but never found it.",
                "estack": "CypressError: Timed out retrying: Expected to find element: '.selected', but never found it.\n    at cypressErr (http://localhost:41929/__cypress/runner/cypress_runner.js:149934:9)\n    at throwErr (http://localhost:41929/__cypress/runner/cypress_runner.js:149867:11)\n    at Object.throwErrByPath (http://localhost:41929/__cypress/runner/cypress_runner.js:149915:3)\n    at retry (http://localhost:41929/__cypress/runner/cypress_runner.js:144197:19)\n    at onFailFn (http://localhost:41929/__cypress/runner/cypress_runner.js:132448:16)\n    at tryCatcher (http://localhost:41929/__cypress/runner/cypress_runner.js:167415:23)\n    at Promise._settlePromiseFromHandler (http://localhost:41929/__cypress/runner/cypress_runner.js:165351:31)\n    at Promise._settlePromise (http://localhost:41929/__cypress/runner/cypress_runner.js:165408:18)\n    at Promise._settlePromise0 (http://localhost:41929/__cypress/runner/cypress_runner.js:165453:10)\n    at Promise._settlePromises (http://localhost:41929/__cypress/runner/cypress_runner.js:165528:18)\n    at Async../node_modules/bluebird/js/release/async.js.Async._drainQueue (http://localhost:41929/__cypress/runner/cypress_runner.js:162140:16)\n    at Async../node_modules/bluebird/js/release/async.js.Async._drainQueues (http://localhost:41929/__cypress/runner/cypress_runner.js:162150:10)\n    at Async.drainQueues (http://localhost:41929/__cypress/runner/cypress_runner.js:162024:14)",
                "diff": null
              },
              "uuid": "425a8b6d-c9db-4ee4-98f7-65ca2c2ff0b5",
              "parentUUID": "25229279-694c-4ec4-89a7-5572dca6d2b8",
              "isHook": false,
              "skipped": false
            },
            {
              "title": "Verifica se nenhuma outra cor da paleta tem a `classe` `selected`",
              "fullTitle": "6 - Defina a cor preta como cor inicial. Ao carregar a página a cor preta já deve estar selecionada para pintar os pixels Verifica se nenhuma outra cor da paleta tem a `classe` `selected`",
              "timedOut": null,
              "duration": 4354,
              "state": "failed",
              "speed": null,
              "pass": false,
              "fail": true,
              "pending": false,
              "context": null,
              "code": "cy.get('.color:not(:first-child)').each(function (color) {\n  cy.wrap(color).should('not.have.class', 'selected');\n});",
              "err": {
                "message": "CypressError: Timed out retrying: Expected to find element: '.color:not(:first-child)', but never found it.",
                "estack": "CypressError: Timed out retrying: Expected to find element: '.color:not(:first-child)', but never found it.\n    at cypressErr (http://localhost:41929/__cypress/runner/cypress_runner.js:149934:9)\n    at throwErr (http://localhost:41929/__cypress/runner/cypress_runner.js:149867:11)\n    at Object.throwErrByPath (http://localhost:41929/__cypress/runner/cypress_runner.js:149915:3)\n    at retry (http://localhost:41929/__cypress/runner/cypress_runner.js:144197:19)\n    at onFailFn (http://localhost:41929/__cypress/runner/cypress_runner.js:132448:16)\n    at tryCatcher (http://localhost:41929/__cypress/runner/cypress_runner.js:167415:23)\n    at Promise._settlePromiseFromHandler (http://localhost:41929/__cypress/runner/cypress_runner.js:165351:31)\n    at Promise._settlePromise (http://localhost:41929/__cypress/runner/cypress_runner.js:165408:18)\n    at Promise._settlePromise0 (http://localhost:41929/__cypress/runner/cypress_runner.js:165453:10)\n    at Promise._settlePromises (http://localhost:41929/__cypress/runner/cypress_runner.js:165528:18)\n    at Async../node_modules/bluebird/js/release/async.js.Async._drainQueue (http://localhost:41929/__cypress/runner/cypress_runner.js:162140:16)\n    at Async../node_modules/bluebird/js/release/async.js.Async._drainQueues (http://localhost:41929/__cypress/runner/cypress_runner.js:162150:10)\n    at Async.drainQueues (http://localhost:41929/__cypress/runner/cypress_runner.js:162024:14)",
                "diff": null
              },
              "uuid": "25536f44-d8cc-4900-bc5f-9bb73a6c3bde",
              "parentUUID": "25229279-694c-4ec4-89a7-5572dca6d2b8",
              "isHook": false,
              "skipped": false
            }
          ],
          "suites": [],
          "passes": [],
          "failures": [
            "425a8b6d-c9db-4ee4-98f7-65ca2c2ff0b5",
            "25536f44-d8cc-4900-bc5f-9bb73a6c3bde"
          ],
          "pending": [],
          "skipped": [],
          "duration": 8683,
          "root": false,
          "rootEmpty": false,
          "_timeout": 2000
        },
        {
          "uuid": "705b5b4c-cdcf-45c3-8400-401339bc9033",
          "title": "7 - Clicar em uma das cores da paleta, faz com que ela seja selecionada e utilizada para preencher os pixels no quadro.",
          "fullFile": "",
          "file": "",
          "beforeHooks": [],
          "afterHooks": [],
          "tests": [
            {
              "title": "Verifica se somente uma cor da paleta de cores tem a classe `selected` de cada vez",
              "fullTitle": "7 - Clicar em uma das cores da paleta, faz com que ela seja selecionada e utilizada para preencher os pixels no quadro. Verifica se somente uma cor da paleta de cores tem a classe `selected` de cada vez",
              "timedOut": null,
              "duration": 4290,
              "state": "failed",
              "speed": null,
              "pass": false,
              "fail": true,
              "pending": false,
              "context": null,
              "code": "cy.get('.color').each(function (selectedColor, selectedColorIndex) {\n  cy.wrap(selectedColor).click();\n  cy.get('.color').each(function (color, colorIndex) {\n    if (colorIndex === selectedColorIndex) {\n      expect(color).to.have[\"class\"]('selected');\n    } else {\n      expect(color).not.to.have[\"class\"]('selected');\n    }\n  });\n});",
              "err": {
                "message": "CypressError: Timed out retrying: Expected to find element: '.color', but never found it.",
                "estack": "CypressError: Timed out retrying: Expected to find element: '.color', but never found it.\n    at cypressErr (http://localhost:41929/__cypress/runner/cypress_runner.js:149934:9)\n    at throwErr (http://localhost:41929/__cypress/runner/cypress_runner.js:149867:11)\n    at Object.throwErrByPath (http://localhost:41929/__cypress/runner/cypress_runner.js:149915:3)\n    at retry (http://localhost:41929/__cypress/runner/cypress_runner.js:144197:19)\n    at onFailFn (http://localhost:41929/__cypress/runner/cypress_runner.js:132448:16)\n    at tryCatcher (http://localhost:41929/__cypress/runner/cypress_runner.js:167415:23)\n    at Promise._settlePromiseFromHandler (http://localhost:41929/__cypress/runner/cypress_runner.js:165351:31)\n    at Promise._settlePromise (http://localhost:41929/__cypress/runner/cypress_runner.js:165408:18)\n    at Promise._settlePromise0 (http://localhost:41929/__cypress/runner/cypress_runner.js:165453:10)\n    at Promise._settlePromises (http://localhost:41929/__cypress/runner/cypress_runner.js:165528:18)\n    at Async../node_modules/bluebird/js/release/async.js.Async._drainQueue (http://localhost:41929/__cypress/runner/cypress_runner.js:162140:16)\n    at Async../node_modules/bluebird/js/release/async.js.Async._drainQueues (http://localhost:41929/__cypress/runner/cypress_runner.js:162150:10)\n    at Async.drainQueues (http://localhost:41929/__cypress/runner/cypress_runner.js:162024:14)",
                "diff": null
              },
              "uuid": "601af965-b691-4c18-8e12-780c170d35e0",
              "parentUUID": "705b5b4c-cdcf-45c3-8400-401339bc9033",
              "isHook": false,
              "skipped": false
            },
            {
              "title": "Verifica se os pixels dentro do quadro não têm a classe `selected` quando são clicados",
              "fullTitle": "7 - Clicar em uma das cores da paleta, faz com que ela seja selecionada e utilizada para preencher os pixels no quadro. Verifica se os pixels dentro do quadro não têm a classe `selected` quando são clicados",
              "timedOut": null,
              "duration": 4285,
              "state": "failed",
              "speed": null,
              "pass": false,
              "fail": true,
              "pending": false,
              "context": null,
              "code": "cy.get('.color').each(function (color) {\n  var backgroundColor = color.css('background-color');\n  cy.wrap(color).click();\n  cy.get('.pixel').each(function (pixel) {\n    cy.wrap(pixel).click().should('not.have.class', 'selected');\n  });\n});",
              "err": {
                "message": "CypressError: Timed out retrying: Expected to find element: '.color', but never found it.",
                "estack": "CypressError: Timed out retrying: Expected to find element: '.color', but never found it.\n    at cypressErr (http://localhost:41929/__cypress/runner/cypress_runner.js:149934:9)\n    at throwErr (http://localhost:41929/__cypress/runner/cypress_runner.js:149867:11)\n    at Object.throwErrByPath (http://localhost:41929/__cypress/runner/cypress_runner.js:149915:3)\n    at retry (http://localhost:41929/__cypress/runner/cypress_runner.js:144197:19)\n    at onFailFn (http://localhost:41929/__cypress/runner/cypress_runner.js:132448:16)\n    at tryCatcher (http://localhost:41929/__cypress/runner/cypress_runner.js:167415:23)\n    at Promise._settlePromiseFromHandler (http://localhost:41929/__cypress/runner/cypress_runner.js:165351:31)\n    at Promise._settlePromise (http://localhost:41929/__cypress/runner/cypress_runner.js:165408:18)\n    at Promise._settlePromise0 (http://localhost:41929/__cypress/runner/cypress_runner.js:165453:10)\n    at Promise._settlePromises (http://localhost:41929/__cypress/runner/cypress_runner.js:165528:18)\n    at Async../node_modules/bluebird/js/release/async.js.Async._drainQueue (http://localhost:41929/__cypress/runner/cypress_runner.js:162140:16)\n    at Async../node_modules/bluebird/js/release/async.js.Async._drainQueues (http://localhost:41929/__cypress/runner/cypress_runner.js:162150:10)\n    at Async.drainQueues (http://localhost:41929/__cypress/runner/cypress_runner.js:162024:14)",
                "diff": null
              },
              "uuid": "1d15cb1f-91ae-4b26-91bf-c7e97d2d02fd",
              "parentUUID": "705b5b4c-cdcf-45c3-8400-401339bc9033",
              "isHook": false,
              "skipped": false
            }
          ],
          "suites": [],
          "passes": [],
          "failures": [
            "601af965-b691-4c18-8e12-780c170d35e0",
            "1d15cb1f-91ae-4b26-91bf-c7e97d2d02fd"
          ],
          "pending": [],
          "skipped": [],
          "duration": 8575,
          "root": false,
          "rootEmpty": false,
          "_timeout": 2000
        },
        {
          "uuid": "d837ff33-c930-41b9-892c-e3334348af62",
          "title": "8 - Clicar em um pixel dentro do quadro após selecionar uma cor na paleta, faz com que o pixel seja preenchido com a cor selecionada.",
          "fullFile": "",
          "file": "",
          "beforeHooks": [],
          "afterHooks": [],
          "tests": [
            {
              "title": "Verifica se ao carregar a página deve ser possível pintar os pixels de preto",
              "fullTitle": "8 - Clicar em um pixel dentro do quadro após selecionar uma cor na paleta, faz com que o pixel seja preenchido com a cor selecionada. Verifica se ao carregar a página deve ser possível pintar os pixels de preto",
              "timedOut": null,
              "duration": 4371,
              "state": "failed",
              "speed": null,
              "pass": false,
              "fail": true,
              "pending": false,
              "context": null,
              "code": "cy.get('.pixel').each(function (pixel) {\n  cy.wrap(pixel).click().should('have.css', 'background-color', BLACK);\n});",
              "err": {
                "message": "CypressError: Timed out retrying: Expected to find element: '.pixel', but never found it.",
                "estack": "CypressError: Timed out retrying: Expected to find element: '.pixel', but never found it.\n    at cypressErr (http://localhost:41929/__cypress/runner/cypress_runner.js:149934:9)\n    at throwErr (http://localhost:41929/__cypress/runner/cypress_runner.js:149867:11)\n    at Object.throwErrByPath (http://localhost:41929/__cypress/runner/cypress_runner.js:149915:3)\n    at retry (http://localhost:41929/__cypress/runner/cypress_runner.js:144197:19)\n    at onFailFn (http://localhost:41929/__cypress/runner/cypress_runner.js:132448:16)\n    at tryCatcher (http://localhost:41929/__cypress/runner/cypress_runner.js:167415:23)\n    at Promise._settlePromiseFromHandler (http://localhost:41929/__cypress/runner/cypress_runner.js:165351:31)\n    at Promise._settlePromise (http://localhost:41929/__cypress/runner/cypress_runner.js:165408:18)\n    at Promise._settlePromise0 (http://localhost:41929/__cypress/runner/cypress_runner.js:165453:10)\n    at Promise._settlePromises (http://localhost:41929/__cypress/runner/cypress_runner.js:165528:18)\n    at Async../node_modules/bluebird/js/release/async.js.Async._drainQueue (http://localhost:41929/__cypress/runner/cypress_runner.js:162140:16)\n    at Async../node_modules/bluebird/js/release/async.js.Async._drainQueues (http://localhost:41929/__cypress/runner/cypress_runner.js:162150:10)\n    at Async.drainQueues (http://localhost:41929/__cypress/runner/cypress_runner.js:162024:14)",
                "diff": null
              },
              "uuid": "3ca8eeba-c084-4302-98e5-a9cd28d4dd3c",
              "parentUUID": "d837ff33-c930-41b9-892c-e3334348af62",
              "isHook": false,
              "skipped": false
            },
            {
              "title": "Verifica se após selecionar uma outra cor na paleta, é possível pintar os pixels com essa cor",
              "fullTitle": "8 - Clicar em um pixel dentro do quadro após selecionar uma cor na paleta, faz com que o pixel seja preenchido com a cor selecionada. Verifica se após selecionar uma outra cor na paleta, é possível pintar os pixels com essa cor",
              "timedOut": null,
              "duration": 4393,
              "state": "failed",
              "speed": null,
              "pass": false,
              "fail": true,
              "pending": false,
              "context": null,
              "code": "cy.get('.color').each(function (color) {\n  var backgroundColor = color.css('background-color');\n  cy.wrap(color).click();\n  cy.get('.pixel').each(function (pixel) {\n    cy.wrap(pixel).click().should('have.css', 'background-color', backgroundColor);\n  });\n});",
              "err": {
                "message": "CypressError: Timed out retrying: Expected to find element: '.color', but never found it.",
                "estack": "CypressError: Timed out retrying: Expected to find element: '.color', but never found it.\n    at cypressErr (http://localhost:41929/__cypress/runner/cypress_runner.js:149934:9)\n    at throwErr (http://localhost:41929/__cypress/runner/cypress_runner.js:149867:11)\n    at Object.throwErrByPath (http://localhost:41929/__cypress/runner/cypress_runner.js:149915:3)\n    at retry (http://localhost:41929/__cypress/runner/cypress_runner.js:144197:19)\n    at onFailFn (http://localhost:41929/__cypress/runner/cypress_runner.js:132448:16)\n    at tryCatcher (http://localhost:41929/__cypress/runner/cypress_runner.js:167415:23)\n    at Promise._settlePromiseFromHandler (http://localhost:41929/__cypress/runner/cypress_runner.js:165351:31)\n    at Promise._settlePromise (http://localhost:41929/__cypress/runner/cypress_runner.js:165408:18)\n    at Promise._settlePromise0 (http://localhost:41929/__cypress/runner/cypress_runner.js:165453:10)\n    at Promise._settlePromises (http://localhost:41929/__cypress/runner/cypress_runner.js:165528:18)\n    at Async../node_modules/bluebird/js/release/async.js.Async._drainQueue (http://localhost:41929/__cypress/runner/cypress_runner.js:162140:16)\n    at Async../node_modules/bluebird/js/release/async.js.Async._drainQueues (http://localhost:41929/__cypress/runner/cypress_runner.js:162150:10)\n    at Async.drainQueues (http://localhost:41929/__cypress/runner/cypress_runner.js:162024:14)",
                "diff": null
              },
              "uuid": "b8753e84-3a8d-44bf-b466-858c79c5c7fd",
              "parentUUID": "d837ff33-c930-41b9-892c-e3334348af62",
              "isHook": false,
              "skipped": false
            },
            {
              "title": "Verifica se somente o pixel que foi clicado foi preenchido com a cor selecionada, sem influenciar na cor dos demais pixels.",
              "fullTitle": "8 - Clicar em um pixel dentro do quadro após selecionar uma cor na paleta, faz com que o pixel seja preenchido com a cor selecionada. Verifica se somente o pixel que foi clicado foi preenchido com a cor selecionada, sem influenciar na cor dos demais pixels.",
              "timedOut": null,
              "duration": 4274,
              "state": "failed",
              "speed": null,
              "pass": false,
              "fail": true,
              "pending": false,
              "context": null,
              "code": "var colorToPixelIndexMap = {\n  0: 6,\n  1: 8,\n  2: 16,\n  3: 18\n};\ncy.get('.color').each(function (color, index) {\n  cy.wrap(color).click();\n  var backgroundColor = color.css('background-color');\n  var clickedPixelIndex = colorToPixelIndexMap[index];\n  cy.get('.pixel').eq(clickedPixelIndex).click();\n  cy.get('.pixel').eq(clickedPixelIndex - 1).should('not.have.css', 'background-color', backgroundColor);\n  cy.get('.pixel').eq(clickedPixelIndex + 1).should('not.have.css', 'background-color', backgroundColor);\n  cy.get('.pixel').eq(clickedPixelIndex - 5).should('not.have.css', 'background-color', backgroundColor);\n  cy.get('.pixel').eq(clickedPixelIndex + 5).should('not.have.css', 'background-color', backgroundColor);\n  cy.get('.pixel').eq(clickedPixelIndex - 6).should('not.have.css', 'background-color', backgroundColor);\n  cy.get('.pixel').eq(clickedPixelIndex - 4).should('not.have.css', 'background-color', backgroundColor);\n  cy.get('.pixel').eq(clickedPixelIndex + 4).should('not.have.css', 'background-color', backgroundColor);\n  cy.get('.pixel').eq(clickedPixelIndex + 6).should('not.have.css', 'background-color', backgroundColor);\n});",
              "err": {
                "message": "CypressError: Timed out retrying: Expected to find element: '.color', but never found it.",
                "estack": "CypressError: Timed out retrying: Expected to find element: '.color', but never found it.\n    at cypressErr (http://localhost:41929/__cypress/runner/cypress_runner.js:149934:9)\n    at throwErr (http://localhost:41929/__cypress/runner/cypress_runner.js:149867:11)\n    at Object.throwErrByPath (http://localhost:41929/__cypress/runner/cypress_runner.js:149915:3)\n    at retry (http://localhost:41929/__cypress/runner/cypress_runner.js:144197:19)\n    at onFailFn (http://localhost:41929/__cypress/runner/cypress_runner.js:132448:16)\n    at tryCatcher (http://localhost:41929/__cypress/runner/cypress_runner.js:167415:23)\n    at Promise._settlePromiseFromHandler (http://localhost:41929/__cypress/runner/cypress_runner.js:165351:31)\n    at Promise._settlePromise (http://localhost:41929/__cypress/runner/cypress_runner.js:165408:18)\n    at Promise._settlePromise0 (http://localhost:41929/__cypress/runner/cypress_runner.js:165453:10)\n    at Promise._settlePromises (http://localhost:41929/__cypress/runner/cypress_runner.js:165528:18)\n    at Async../node_modules/bluebird/js/release/async.js.Async._drainQueue (http://localhost:41929/__cypress/runner/cypress_runner.js:162140:16)\n    at Async../node_modules/bluebird/js/release/async.js.Async._drainQueues (http://localhost:41929/__cypress/runner/cypress_runner.js:162150:10)\n    at Async.drainQueues (http://localhost:41929/__cypress/runner/cypress_runner.js:162024:14)",
                "diff": null
              },
              "uuid": "bba9b8b0-add9-494a-9497-10f8c02754d5",
              "parentUUID": "d837ff33-c930-41b9-892c-e3334348af62",
              "isHook": false,
              "skipped": false
            }
          ],
          "suites": [],
          "passes": [],
          "failures": [
            "3ca8eeba-c084-4302-98e5-a9cd28d4dd3c",
            "b8753e84-3a8d-44bf-b466-858c79c5c7fd",
            "bba9b8b0-add9-494a-9497-10f8c02754d5"
          ],
          "pending": [],
          "skipped": [],
          "duration": 13038,
          "root": false,
          "rootEmpty": false,
          "_timeout": 2000
        },
        {
          "uuid": "1299505d-58c1-4759-8752-cbe9b7386ce3",
          "title": "9 - Crie um botão que, ao ser clicado, limpa o quadro preenchendo a cor de todos seus pixels com branco.",
          "fullFile": "",
          "file": "",
          "beforeHooks": [],
          "afterHooks": [],
          "tests": [
            {
              "title": "Verifica se o botão tem o `id` denominado `clear-board`",
              "fullTitle": "9 - Crie um botão que, ao ser clicado, limpa o quadro preenchendo a cor de todos seus pixels com branco. Verifica se o botão tem o `id` denominado `clear-board`",
              "timedOut": null,
              "duration": 4374,
              "state": "failed",
              "speed": null,
              "pass": false,
              "fail": true,
              "pending": false,
              "context": null,
              "code": "cy.get('#clear-board').should('be.visible');",
              "err": {
                "message": "CypressError: Timed out retrying: Expected to find element: '#clear-board', but never found it.",
                "estack": "CypressError: Timed out retrying: Expected to find element: '#clear-board', but never found it.\n    at cypressErr (http://localhost:41929/__cypress/runner/cypress_runner.js:149934:9)\n    at throwErr (http://localhost:41929/__cypress/runner/cypress_runner.js:149867:11)\n    at Object.throwErrByPath (http://localhost:41929/__cypress/runner/cypress_runner.js:149915:3)\n    at retry (http://localhost:41929/__cypress/runner/cypress_runner.js:144197:19)\n    at onFailFn (http://localhost:41929/__cypress/runner/cypress_runner.js:132448:16)\n    at tryCatcher (http://localhost:41929/__cypress/runner/cypress_runner.js:167415:23)\n    at Promise._settlePromiseFromHandler (http://localhost:41929/__cypress/runner/cypress_runner.js:165351:31)\n    at Promise._settlePromise (http://localhost:41929/__cypress/runner/cypress_runner.js:165408:18)\n    at Promise._settlePromise0 (http://localhost:41929/__cypress/runner/cypress_runner.js:165453:10)\n    at Promise._settlePromises (http://localhost:41929/__cypress/runner/cypress_runner.js:165528:18)\n    at Async../node_modules/bluebird/js/release/async.js.Async._drainQueue (http://localhost:41929/__cypress/runner/cypress_runner.js:162140:16)\n    at Async../node_modules/bluebird/js/release/async.js.Async._drainQueues (http://localhost:41929/__cypress/runner/cypress_runner.js:162150:10)\n    at Async.drainQueues (http://localhost:41929/__cypress/runner/cypress_runner.js:162024:14)",
                "diff": null
              },
              "uuid": "bb9bc779-5f65-4204-ad68-9586ce9a9a1d",
              "parentUUID": "1299505d-58c1-4759-8752-cbe9b7386ce3",
              "isHook": false,
              "skipped": false
            },
            {
              "title": "Verifica se o botão está posicionado entre a paleta de cores e o quadro de pixels",
              "fullTitle": "9 - Crie um botão que, ao ser clicado, limpa o quadro preenchendo a cor de todos seus pixels com branco. Verifica se o botão está posicionado entre a paleta de cores e o quadro de pixels",
              "timedOut": null,
              "duration": 4278,
              "state": "failed",
              "speed": null,
              "pass": false,
              "fail": true,
              "pending": false,
              "context": null,
              "code": "cy.get('#color-palette').then(function (palette) {\n  cy.get('#clear-board').should('be.belowOf', palette);\n});\ncy.get('#clear-board').then(function (clearBtn) {\n  cy.get('#pixel-board').should('be.belowOf', clearBtn);\n});",
              "err": {
                "message": "CypressError: Timed out retrying: Expected to find element: '#color-palette', but never found it.",
                "estack": "CypressError: Timed out retrying: Expected to find element: '#color-palette', but never found it.\n    at cypressErr (http://localhost:41929/__cypress/runner/cypress_runner.js:149934:9)\n    at throwErr (http://localhost:41929/__cypress/runner/cypress_runner.js:149867:11)\n    at Object.throwErrByPath (http://localhost:41929/__cypress/runner/cypress_runner.js:149915:3)\n    at retry (http://localhost:41929/__cypress/runner/cypress_runner.js:144197:19)\n    at onFailFn (http://localhost:41929/__cypress/runner/cypress_runner.js:132448:16)\n    at tryCatcher (http://localhost:41929/__cypress/runner/cypress_runner.js:167415:23)\n    at Promise._settlePromiseFromHandler (http://localhost:41929/__cypress/runner/cypress_runner.js:165351:31)\n    at Promise._settlePromise (http://localhost:41929/__cypress/runner/cypress_runner.js:165408:18)\n    at Promise._settlePromise0 (http://localhost:41929/__cypress/runner/cypress_runner.js:165453:10)\n    at Promise._settlePromises (http://localhost:41929/__cypress/runner/cypress_runner.js:165528:18)\n    at Async../node_modules/bluebird/js/release/async.js.Async._drainQueue (http://localhost:41929/__cypress/runner/cypress_runner.js:162140:16)\n    at Async../node_modules/bluebird/js/release/async.js.Async._drainQueues (http://localhost:41929/__cypress/runner/cypress_runner.js:162150:10)\n    at Async.drainQueues (http://localhost:41929/__cypress/runner/cypress_runner.js:162024:14)",
                "diff": null
              },
              "uuid": "e41dc3e7-33f5-498f-bce2-7b52d814f27b",
              "parentUUID": "1299505d-58c1-4759-8752-cbe9b7386ce3",
              "isHook": false,
              "skipped": false
            },
            {
              "title": "Verifica se o texto do botão é 'Limpar'",
              "fullTitle": "9 - Crie um botão que, ao ser clicado, limpa o quadro preenchendo a cor de todos seus pixels com branco. Verifica se o texto do botão é 'Limpar'",
              "timedOut": null,
              "duration": 4385,
              "state": "failed",
              "speed": null,
              "pass": false,
              "fail": true,
              "pending": false,
              "context": null,
              "code": "cy.get('#clear-board').should('contain.text', 'Limpar');",
              "err": {
                "message": "CypressError: Timed out retrying: Expected to find element: '#clear-board', but never found it.",
                "estack": "CypressError: Timed out retrying: Expected to find element: '#clear-board', but never found it.\n    at cypressErr (http://localhost:41929/__cypress/runner/cypress_runner.js:149934:9)\n    at throwErr (http://localhost:41929/__cypress/runner/cypress_runner.js:149867:11)\n    at Object.throwErrByPath (http://localhost:41929/__cypress/runner/cypress_runner.js:149915:3)\n    at retry (http://localhost:41929/__cypress/runner/cypress_runner.js:144197:19)\n    at onFailFn (http://localhost:41929/__cypress/runner/cypress_runner.js:132448:16)\n    at tryCatcher (http://localhost:41929/__cypress/runner/cypress_runner.js:167415:23)\n    at Promise._settlePromiseFromHandler (http://localhost:41929/__cypress/runner/cypress_runner.js:165351:31)\n    at Promise._settlePromise (http://localhost:41929/__cypress/runner/cypress_runner.js:165408:18)\n    at Promise._settlePromise0 (http://localhost:41929/__cypress/runner/cypress_runner.js:165453:10)\n    at Promise._settlePromises (http://localhost:41929/__cypress/runner/cypress_runner.js:165528:18)\n    at Async../node_modules/bluebird/js/release/async.js.Async._drainQueue (http://localhost:41929/__cypress/runner/cypress_runner.js:162140:16)\n    at Async../node_modules/bluebird/js/release/async.js.Async._drainQueues (http://localhost:41929/__cypress/runner/cypress_runner.js:162150:10)\n    at Async.drainQueues (http://localhost:41929/__cypress/runner/cypress_runner.js:162024:14)",
                "diff": null
              },
              "uuid": "2e999c1c-fe50-4f2c-96ca-fa8792c607f8",
              "parentUUID": "1299505d-58c1-4759-8752-cbe9b7386ce3",
              "isHook": false,
              "skipped": false
            },
            {
              "title": "Verifica se ao clicar no botão, o quadro de pixels é totalmente preenchido de branco",
              "fullTitle": "9 - Crie um botão que, ao ser clicado, limpa o quadro preenchendo a cor de todos seus pixels com branco. Verifica se ao clicar no botão, o quadro de pixels é totalmente preenchido de branco",
              "timedOut": null,
              "duration": 4331,
              "state": "failed",
              "speed": null,
              "pass": false,
              "fail": true,
              "pending": false,
              "context": null,
              "code": "cy.get('.color').eq(1).then(function (color) {\n  var backgroundColor = color.css('background-color');\n  cy.wrap(color).click();\n  cy.get('.pixel').each(function (pixel) {\n    cy.wrap(pixel).click().should('have.css', 'background-color', backgroundColor);\n  });\n});\ncy.get('#clear-board').click();\ncy.get('.pixel').each(function (pixel) {\n  cy.wrap(pixel).should('have.css', 'background-color', WHITE);\n});",
              "err": {
                "message": "CypressError: Timed out retrying: Expected to find element: '.color', but never found it.",
                "estack": "CypressError: Timed out retrying: Expected to find element: '.color', but never found it.\n    at cypressErr (http://localhost:41929/__cypress/runner/cypress_runner.js:149934:9)\n    at throwErr (http://localhost:41929/__cypress/runner/cypress_runner.js:149867:11)\n    at Object.throwErrByPath (http://localhost:41929/__cypress/runner/cypress_runner.js:149915:3)\n    at retry (http://localhost:41929/__cypress/runner/cypress_runner.js:144197:19)\n    at onFailFn (http://localhost:41929/__cypress/runner/cypress_runner.js:132448:16)\n    at tryCatcher (http://localhost:41929/__cypress/runner/cypress_runner.js:167415:23)\n    at Promise._settlePromiseFromHandler (http://localhost:41929/__cypress/runner/cypress_runner.js:165351:31)\n    at Promise._settlePromise (http://localhost:41929/__cypress/runner/cypress_runner.js:165408:18)\n    at Promise._settlePromise0 (http://localhost:41929/__cypress/runner/cypress_runner.js:165453:10)\n    at Promise._settlePromises (http://localhost:41929/__cypress/runner/cypress_runner.js:165528:18)\n    at Async../node_modules/bluebird/js/release/async.js.Async._drainQueue (http://localhost:41929/__cypress/runner/cypress_runner.js:162140:16)\n    at Async../node_modules/bluebird/js/release/async.js.Async._drainQueues (http://localhost:41929/__cypress/runner/cypress_runner.js:162150:10)\n    at Async.drainQueues (http://localhost:41929/__cypress/runner/cypress_runner.js:162024:14)",
                "diff": null
              },
              "uuid": "3574ec95-12f9-4a29-a564-10760c3f21c7",
              "parentUUID": "1299505d-58c1-4759-8752-cbe9b7386ce3",
              "isHook": false,
              "skipped": false
            }
          ],
          "suites": [],
          "passes": [],
          "failures": [
            "bb9bc779-5f65-4204-ad68-9586ce9a9a1d",
            "e41dc3e7-33f5-498f-bce2-7b52d814f27b",
            "2e999c1c-fe50-4f2c-96ca-fa8792c607f8",
            "3574ec95-12f9-4a29-a564-10760c3f21c7"
          ],
          "pending": [],
          "skipped": [],
          "duration": 17368,
          "root": false,
          "rootEmpty": false,
          "_timeout": 2000
        },
        {
          "uuid": "a67476b0-db74-45cd-ac65-1866e50b1971",
          "title": "10 - Faça o quadro de pixels ter seu tamanho definido pelo usuário.",
          "fullFile": "",
          "file": "",
          "beforeHooks": [],
          "afterHooks": [],
          "tests": [
            {
              "title": "Verifica se existe um input com o id `board-size`",
              "fullTitle": "10 - Faça o quadro de pixels ter seu tamanho definido pelo usuário. Verifica se existe um input com o id `board-size`",
              "timedOut": null,
              "duration": 4305,
              "state": "failed",
              "speed": null,
              "pass": false,
              "fail": true,
              "pending": false,
              "context": null,
              "code": "cy.get('#board-size').should('be.visible');",
              "err": {
                "message": "CypressError: Timed out retrying: Expected to find element: '#board-size', but never found it.",
[...]
                "diff": null
              },
              "uuid": "e3352dfa-34e6-4253-9139-a6cad66d980a",
              "parentUUID": "a67476b0-db74-45cd-ac65-1866e50b1971",
              "isHook": false,
              "skipped": false
            },
            {
              "title": "Verifica se o novo quadro tem todos os pixels preenchidos com a cor branca",
              "fullTitle": "10 - Faça o quadro de pixels ter seu tamanho definido pelo usuário. Verifica se o novo quadro tem todos os pixels preenchidos com a cor branca",
              "timedOut": null,
              "duration": 4359,
              "state": "failed",
              "speed": null,
              "pass": false,
              "fail": true,
              "pending": false,
              "context": null,
              "code": "cy.get('#board-size').clear().type(6);\ncy.get('#generate-board').click();\ncy.get('.pixel').should('have.length', 36).each(function (pixel) {\n  expect(pixel).to.have.css('background-color', WHITE);\n});",
              "err": {
                "message": "CypressError: Timed out retrying: Expected to find element: '#board-size', but never found it.",
                "estack": "CypressError: Timed out retrying: Expected to find element: '#board-size', but never found it.\n    at cypressErr (http://localhost:41929/__cypress/runner/cypress_runner.js:149934:9)\n    at throwErr (http://localhost:41929/__cypress/runner/cypress_runner.js:149867:11)\n    at Object.throwErrByPath (http://localhost:41929/__cypress/runner/cypress_runner.js:149915:3)\n    at retry (http://localhost:41929/__cypress/runner/cypress_runner.js:144197:19)\n    at onFailFn (http://localhost:41929/__cypress/runner/cypress_runner.js:132448:16)\n    at tryCatcher (http://localhost:41929/__cypress/runner/cypress_runner.js:167415:23)\n    at Promise._settlePromiseFromHandler (http://localhost:41929/__cypress/runner/cypress_runner.js:165351:31)\n    at Promise._settlePromise (http://localhost:41929/__cypress/runner/cypress_runner.js:165408:18)\n    at Promise._settlePromise0 (http://localhost:41929/__cypress/runner/cypress_runner.js:165453:10)\n    at Promise._settlePromises (http://localhost:41929/__cypress/runner/cypress_runner.js:165528:18)\n    at Async../node_modules/bluebird/js/release/async.js.Async._drainQueue (http://localhost:41929/__cypress/runner/cypress_runner.js:162140:16)\n    at Async../node_modules/bluebird/js/release/async.js.Async._drainQueues (http://localhost:41929/__cypress/runner/cypress_runner.js:162150:10)\n    at Async.drainQueues (http://localhost:41929/__cypress/runner/cypress_runner.js:162024:14)",
                "diff": null
              },
              "uuid": "ae1a1d54-0e2a-47fe-abdd-48b8b4127eac",
              "parentUUID": "a67476b0-db74-45cd-ac65-1866e50b1971",
              "isHook": false,
              "skipped": false
            }
          ],
          "suites": [],
          "passes": [],
          "failures": [
            "bbe0f352-a1d5-4d8f-90df-40d0d1b74d04",
            "7cc341b8-6877-4342-bac8-aa0f331f6d81",
            "e02c743b-a959-48fd-9e44-c4c786148467",
            "066f0ccc-0317-4bd9-8ccb-9a94014b15bd",
            "bf4659a0-f11c-4403-832b-3a58a55bcb72",
            "8e9e99d9-38ca-40b6-8e6d-e974afa1c0b7",
            "98678e5e-8dfe-4242-9b26-f219e5a30b00",
            "e3352dfa-34e6-4253-9139-a6cad66d980a",
            "ae1a1d54-0e2a-47fe-abdd-48b8b4127eac"
          ],
          "pending": [],
          "skipped": [],
          "duration": 39134,
          "root": false,
          "rootEmpty": false,
          "_timeout": 2000
        },
        {
          "uuid": "90501640-c764-498e-a06a-3d929887d083",
          "title": "11 - Limite o tamanho mínimo e máximo do board.",
          "fullFile": "",
          "file": "",
          "beforeHooks": [],
          "afterHooks": [],
          "tests": [
            {
              "title": "Verifica se a altura máxima do board é 50",
              "fullTitle": "11 - Limite o tamanho mínimo e máximo do board. Verifica se a altura máxima do board é 50",
              "timedOut": null,
              "duration": 4435,
              "state": "failed",
              "speed": null,
              "pass": false,
              "fail": true,
              "pending": false,
              "context": null,
              "code": "cy.get('#board-size').clear().type(50);\ncy.get('#generate-board').click();\ncy.get('.pixel').should('have.length', 2500);",
              "err": {
                "message": "CypressError: Timed out retrying: Expected to find element: '#board-size', but never found it.",
                "estack": "CypressError: Timed out retrying: Expected to find element: '#board-size', but never found it.\n    at cypressErr (http://localhost:41929/__cypress/runner/cypress_runner.js:149934:9)\n    at throwErr (http://localhost:41929/__cypress/runner/cypress_runner.js:149867:11)\n    at Object.throwErrByPath (http://localhost:41929/__cypress/runner/cypress_runner.js:149915:3)\n    at retry (http://localhost:41929/__cypress/runner/cypress_runner.js:144197:19)\n    at onFailFn (http://localhost:41929/__cypress/runner/cypress_runner.js:132448:16)\n    at tryCatcher (http://localhost:41929/__cypress/runner/cypress_runner.js:167415:23)\n    at Promise._settlePromiseFromHandler (http://localhost:41929/__cypress/runner/cypress_runner.js:165351:31)\n    at Promise._settlePromise (http://localhost:41929/__cypress/runner/cypress_runner.js:165408:18)\n    at Promise._settlePromise0 (http://localhost:41929/__cypress/runner/cypress_runner.js:165453:10)\n    at Promise._settlePromises (http://localhost:41929/__cypress/runner/cypress_runner.js:165528:18)\n    at Async../node_modules/bluebird/js/release/async.js.Async._drainQueue (http://localhost:41929/__cypress/runner/cypress_runner.js:162140:16)\n    at Async../node_modules/bluebird/js/release/async.js.Async._drainQueues (http://localhost:41929/__cypress/runner/cypress_runner.js:162150:10)\n    at Async.drainQueues (http://localhost:41929/__cypress/runner/cypress_runner.js:162024:14)",
                "diff": null
              },
              "uuid": "a6bf976f-1e78-4a7b-b859-7d077cf79320",
              "parentUUID": "90501640-c764-498e-a06a-3d929887d083",
              "isHook": false,
              "skipped": false
            },
            {
              "title": "Verifica se a altura do board é 5 quando um valor menor é colocado no input",
              "fullTitle": "11 - Limite o tamanho mínimo e máximo do board. Verifica se a altura do board é 5 quando um valor menor é colocado no input",
              "timedOut": null,
              "duration": 4252,
              "state": "failed",
              "speed": null,
              "pass": false,
              "fail": true,
              "pending": false,
              "context": null,
              "code": "cy.get('#board-size').clear().type(4);\ncy.get('#generate-board').click();\ncy.get('.pixel').should('have.length', 25);",
              "err": {
                "message": "CypressError: Timed out retrying: Expected to find element: '#board-size', but never found it.",
                "estack": "CypressError: Timed out retrying: Expected to find element: '#board-size', but never found it.\n    at cypressErr (http://localhost:41929/__cypress/runner/cypress_runner.js:149934:9)\n    at throwErr (http://localhost:41929/__cypress/runner/cypress_runner.js:149867:11)\n    at Object.throwErrByPath (http://localhost:41929/__cypress/runner/cypress_runner.js:149915:3)\n    at retry (http://localhost:41929/__cypress/runner/cypress_runner.js:144197:19)\n    at onFailFn (http://localhost:41929/__cypress/runner/cypress_runner.js:132448:16)\n    at tryCatcher (http://localhost:41929/__cypress/runner/cypress_runner.js:167415:23)\n    at Promise._settlePromiseFromHandler (http://localhost:41929/__cypress/runner/cypress_runner.js:165351:31)\n    at Promise._settlePromise (http://localhost:41929/__cypress/runner/cypress_runner.js:165408:18)\n    at Promise._settlePromise0 (http://localhost:41929/__cypress/runner/cypress_runner.js:165453:10)\n    at Promise._settlePromises (http://localhost:41929/__cypress/runner/cypress_runner.js:165528:18)\n    at Async../node_modules/bluebird/js/release/async.js.Async._drainQueue (http://localhost:41929/__cypress/runner/cypress_runner.js:162140:16)\n    at Async../node_modules/bluebird/js/release/async.js.Async._drainQueues (http://localhost:41929/__cypress/runner/cypress_runner.js:162150:10)\n    at Async.drainQueues (http://localhost:41929/__cypress/runner/cypress_runner.js:162024:14)",
                "diff": null
              },
              "uuid": "cf19c4c1-1185-4b6f-9fd1-85e10f86c2e6",
              "parentUUID": "90501640-c764-498e-a06a-3d929887d083",
              "isHook": false,
              "skipped": false
            },
            {
              "title": "Verifica se a altura do board é 50 quando um valor maior é colocado no input",
              "fullTitle": "11 - Limite o tamanho mínimo e máximo do board. Verifica se a altura do board é 50 quando um valor maior é colocado no input",
              "timedOut": null,
              "duration": 4334,
              "state": "failed",
              "speed": null,
              "pass": false,
              "fail": true,
              "pending": false,
              "context": null,
              "code": "cy.get('#board-size').clear().type(51);\ncy.get('#generate-board').click();\ncy.get('.pixel').should('have.length', 2500);",
              "err": {
                "message": "CypressError: Timed out retrying: Expected to find element: '#board-size', but never found it.",
                "estack": "CypressError: Timed out retrying: Expected to find element: '#board-size', but never found it.\n    at cypressErr (http://localhost:41929/__cypress/runner/cypress_runner.js:149934:9)\n    at throwErr (http://localhost:41929/__cypress/runner/cypress_runner.js:149867:11)\n    at Object.throwErrByPath (http://localhost:41929/__cypress/runner/cypress_runner.js:149915:3)\n    at retry (http://localhost:41929/__cypress/runner/cypress_runner.js:144197:19)\n    at onFailFn (http://localhost:41929/__cypress/runner/cypress_runner.js:132448:16)\n    at tryCatcher (http://localhost:41929/__cypress/runner/cypress_runner.js:167415:23)\n    at Promise._settlePromiseFromHandler (http://localhost:41929/__cypress/runner/cypress_runner.js:165351:31)\n    at Promise._settlePromise (http://localhost:41929/__cypress/runner/cypress_runner.js:165408:18)\n    at Promise._settlePromise0 (http://localhost:41929/__cypress/runner/cypress_runner.js:165453:10)\n    at Promise._settlePromises (http://localhost:41929/__cypress/runner/cypress_runner.js:165528:18)\n    at Async../node_modules/bluebird/js/release/async.js.Async._drainQueue (http://localhost:41929/__cypress/runner/cypress_runner.js:162140:16)\n    at Async../node_modules/bluebird/js/release/async.js.Async._drainQueues (http://localhost:41929/__cypress/runner/cypress_runner.js:162150:10)\n    at Async.drainQueues (http://localhost:41929/__cypress/runner/cypress_runner.js:162024:14)",
                "diff": null
              },
              "uuid": "6039a6c1-8941-4ec6-92cc-844714395d74",
              "parentUUID": "90501640-c764-498e-a06a-3d929887d083",
              "isHook": false,
              "skipped": false
            }
          ],
          "suites": [],
          "passes": [],
          "failures": [
            "a6bf976f-1e78-4a7b-b859-7d077cf79320",
            "cf19c4c1-1185-4b6f-9fd1-85e10f86c2e6",
            "6039a6c1-8941-4ec6-92cc-844714395d74"
          ],
          "pending": [],
          "skipped": [],
          "duration": 13021,
          "root": false,
          "rootEmpty": false,
          "_timeout": 2000
        },
        {
          "uuid": "95d40b04-b6b9-49b0-a61a-1994fc5ad514",
          "title": "12 - Faça com que as cores da paleta sejam geradas aleatoriamente ao carregar a página.",
          "fullFile": "",
          "file": "",
          "beforeHooks": [],
          "afterHooks": [],
          "tests": [
            {
              "title": "Verifica se as cores geradas na paleta são diferentes a cada carregamento da página",
              "fullTitle": "12 - Faça com que as cores da paleta sejam geradas aleatoriamente ao carregar a página. Verifica se as cores geradas na paleta são diferentes a cada carregamento da página",
              "timedOut": null,
              "duration": 4305,
              "state": "failed",
              "speed": null,
              "pass": false,
              "fail": true,
              "pending": false,
              "context": null,
              "code": "cy.get('.color').then(function (colors) {\n  var currentColors;\n  var previousColors;\n  previousColors = Array.from(colors).map(function (color) {\n    return Cypress.$(color).css('background-color');\n  });\n  for (var i = 0; i < 5; i += 1) {\n    cy.reload();\n    cy.get('.color').then(function (colors) {\n      currentColors = Array.from(colors).map(function (color) {\n        return Cypress.$(color).css('background-color');\n      });\n      expect(currentColors).not.to.deep.equal(previousColors);\n      previousColors = currentColors;\n    });\n  }\n});",
              "err": {
                "message": "CypressError: Timed out retrying: Expected to find element: '.color', but never found it.",
                "estack": "CypressError: Timed out retrying: Expected to find element: '.color', but never found it.\n    at cypressErr (http://localhost:41929/__cypress/runner/cypress_runner.js:149934:9)\n    at throwErr (http://localhost:41929/__cypress/runner/cypress_runner.js:149867:11)\n    at Object.throwErrByPath (http://localhost:41929/__cypress/runner/cypress_runner.js:149915:3)\n    at retry (http://localhost:41929/__cypress/runner/cypress_runner.js:144197:19)\n    at onFailFn (http://localhost:41929/__cypress/runner/cypress_runner.js:132448:16)\n    at tryCatcher (http://localhost:41929/__cypress/runner/cypress_runner.js:167415:23)\n    at Promise._settlePromiseFromHandler (http://localhost:41929/__cypress/runner/cypress_runner.js:165351:31)\n    at Promise._settlePromise (http://localhost:41929/__cypress/runner/cypress_runner.js:165408:18)\n    at Promise._settlePromise0 (http://localhost:41929/__cypress/runner/cypress_runner.js:165453:10)\n    at Promise._settlePromises (http://localhost:41929/__cypress/runner/cypress_runner.js:165528:18)\n    at Async../node_modules/bluebird/js/release/async.js.Async._drainQueue (http://localhost:41929/__cypress/runner/cypress_runner.js:162140:16)\n    at Async../node_modules/bluebird/js/release/async.js.Async._drainQueues (http://localhost:41929/__cypress/runner/cypress_runner.js:162150:10)\n    at Async.drainQueues (http://localhost:41929/__cypress/runner/cypress_runner.js:162024:14)",
                "diff": null
              },
              "uuid": "0a74a73c-33d6-4fd3-a53c-59e92dfcbb48",
              "parentUUID": "95d40b04-b6b9-49b0-a61a-1994fc5ad514",
              "isHook": false,
              "skipped": false
            },
            {
              "title": "Verifica se a cor preta ainda está presente e é a primeira na sua paleta de cores",
              "fullTitle": "12 - Faça com que as cores da paleta sejam geradas aleatoriamente ao carregar a página. Verifica se a cor preta ainda está presente e é a primeira na sua paleta de cores",
              "timedOut": null,
              "duration": 4315,
              "state": "failed",
              "speed": null,
              "pass": false,
              "fail": true,
              "pending": false,
              "context": null,
              "code": "cy.get('.color').then(function (colors) {\n  var currentColors;\n  var previousColors;\n  previousColors = Array.from(colors).map(function (color) {\n    return Cypress.$(color).css('background-color');\n  });\n  expect(previousColors[0]).to.eq(BLACK);\n  for (var i = 0; i < 5; i += 1) {\n    cy.reload();\n    cy.get('.color').then(function (colors) {\n      currentColors = Array.from(colors).map(function (color) {\n        return Cypress.$(color).css('background-color');\n      });\n      expect(currentColors[0]).to.eq(BLACK);\n      expect(currentColors).not.to.deep.equal(previousColors);\n      previousColors = currentColors;\n    });\n  }\n});",
              "err": {
                "message": "CypressError: Timed out retrying: Expected to find element: '.color', but never found it.",
                "estack": "CypressError: Timed out retrying: Expected to find element: '.color', but never found it.\n    at cypressErr (http://localhost:41929/__cypress/runner/cypress_runner.js:149934:9)\n    at throwErr (http://localhost:41929/__cypress/runner/cypress_runner.js:149867:11)\n    at Object.throwErrByPath (http://localhost:41929/__cypress/runner/cypress_runner.js:149915:3)\n    at retry (http://localhost:41929/__cypress/runner/cypress_runner.js:144197:19)\n    at onFailFn (http://localhost:41929/__cypress/runner/cypress_runner.js:132448:16)\n    at tryCatcher (http://localhost:41929/__cypress/runner/cypress_runner.js:167415:23)\n    at Promise._settlePromiseFromHandler (http://localhost:41929/__cypress/runner/cypress_runner.js:165351:31)\n    at Promise._settlePromise (http://localhost:41929/__cypress/runner/cypress_runner.js:165408:18)\n    at Promise._settlePromise0 (http://localhost:41929/__cypress/runner/cypress_runner.js:165453:10)\n    at Promise._settlePromises (http://localhost:41929/__cypress/runner/cypress_runner.js:165528:18)\n    at Async../node_modules/bluebird/js/release/async.js.Async._drainQueue (http://localhost:41929/__cypress/runner/cypress_runner.js:162140:16)\n    at Async../node_modules/bluebird/js/release/async.js.Async._drainQueues (http://localhost:41929/__cypress/runner/cypress_runner.js:162150:10)\n    at Async.drainQueues (http://localhost:41929/__cypress/runner/cypress_runner.js:162024:14)",
                "diff": null
              },
              "uuid": "e3b2e1b7-7191-4ed9-bbdc-779f7302f4c1",
              "parentUUID": "95d40b04-b6b9-49b0-a61a-1994fc5ad514",
              "isHook": false,
              "skipped": false
            }
          ],
          "suites": [],
          "passes": [],
          "failures": [
            "0a74a73c-33d6-4fd3-a53c-59e92dfcbb48",
            "e3b2e1b7-7191-4ed9-bbdc-779f7302f4c1"
          ],
          "pending": [],
          "skipped": [],
          "duration": 8620,
          "root": false,
          "rootEmpty": false,
          "_timeout": 2000
        }
      ],
      "passes": [],
      "failures": [],
      "pending": [],
      "skipped": [],
      "duration": 0,
      "root": true,
      "rootEmpty": true,
      "_timeout": 2000
    }
  ],
  "meta": {
    "mocha": {
      "version": "7.0.1"
    },
    "mochawesome": {
      "options": {
        "quiet": false,
        "reportFilename": "mochawesome",
        "saveHtml": false,
        "saveJson": true,
        "consoleReporter": "spec",
        "useInlineDiffs": false
      },
      "version": "4.1.0"
    },
    "marge": {
      "options": {
        "id": "default",
        "reportDir": "cypress/reports",
        "overwrite": true,
        "html": false,
        "json": true
      },
      "version": "4.1.0"
    }
  }
}